#
# A fatal error has been detected by the Java Runtime Environment:
#
#  EXCEPTION_ACCESS_VIOLATION (0xc0000005) at pc=0x00007ff812bd6360, pid=13644, tid=7280
#
# JRE version: Java(TM) SE Runtime Environment (17.0.12+8) (build 17.0.12+8-LTS-286)
# Java VM: Java HotSpot(TM) 64-Bit Server VM (17.0.12+8-LTS-286, mixed mode, sharing, tiered, compressed oops, compressed class ptrs, g1 gc, windows-amd64)
# Problematic frame:
# C  [native-platform-file-events.dll+0x46360]
#
# No core dump will be written. Minidumps are not enabled by default on client versions of Windows
#
# If you would like to submit a bug report, please visit:
#   https://bugreport.java.com/bugreport/crash.jsp
# The crash happened outside the Java Virtual Machine in native code.
# See problematic frame for where to report the bug.
#

---------------  S U M M A R Y ------------

Command Line: --add-opens=java.base/java.util=ALL-UNNAMED --add-opens=java.base/java.lang=ALL-UNNAMED --add-opens=java.base/java.lang.invoke=ALL-UNNAMED --add-opens=java.prefs/java.util.prefs=ALL-UNNAMED --add-opens=java.base/java.nio.charset=ALL-UNNAMED --add-opens=java.base/java.net=ALL-UNNAMED --add-opens=java.base/java.util.concurrent.atomic=ALL-UNNAMED -Xmx2048m -Dfile.encoding=UTF-8 -Duser.country=KR -Duser.language=ko -Duser.variant -javaagent:C:\Users\ittnw\.gradle\wrapper\dists\gradle-8.2-bin\bbg7u40eoinfdyxsxr3z4i7ta\gradle-8.2\lib\agents\gradle-instrumentation-agent-8.2.jar org.gradle.launcher.daemon.bootstrap.GradleDaemon 8.2

Host: Intel(R) Pentium(R) CPU 5405U @ 2.30GHz, 4 cores, 7G,  Windows 11 , 64 bit Build 26100 (10.0.26100.3323)
Time: Thu Apr  3 11:09:08 2025  Windows 11 , 64 bit Build 26100 (10.0.26100.3323) elapsed time: 103.842541 seconds (0d 0h 1m 43s)

---------------  T H R E A D  ---------------

Current thread (0x000002b3db1d7bb0):  JavaThread "File watcher server" daemon [_thread_in_native, id=7280, stack(0x000000e6a4000000,0x000000e6a4100000)]

Stack: [0x000000e6a4000000,0x000000e6a4100000],  sp=0x000000e6a40fece0,  free space=1019k
Native frames: (J=compiled Java code, j=interpreted, Vv=VM code, C=native code)
C  [native-platform-file-events.dll+0x46360]

Java frames: (J=compiled Java code, j=interpreted, Vv=VM code)
j  net.rubygrapefruit.platform.internal.jni.AbstractNativeFileEventFunctions$NativeFileWatcher.executeRunLoop0(Ljava/lang/Object;)V+0
j  net.rubygrapefruit.platform.internal.jni.AbstractNativeFileEventFunctions$NativeFileWatcher.executeRunLoop()V+5
j  net.rubygrapefruit.platform.internal.jni.AbstractFileEventFunctions$AbstractFileWatcher$1.run()V+21
v  ~StubRoutines::call_stub

siginfo: EXCEPTION_ACCESS_VIOLATION (0xc0000005), reading address 0x0000000000000000


Registers:
RAX=0x0000000000000000, RBX=0x0000000000000000, RCX=0x000000e6a54fa5d8, RDX=0x0000000000000000
RSP=0x000000e6a40fece0, RBP=0x0000000000000000, RSI=0x000000e6a54fa5d0, RDI=0x000000e6a54fa590
R8 =0x000002b3f53d7140, R9 =0x000002b3dfd795a0, R10=0x000002b3f53d0000, R11=0x0000000000000246
R12=0x0000000000000000, R13=0x000002b3d8048030, R14=0x0000000000000000, R15=0x000002b3db1d7bb0
RIP=0x00007ff812bd6360, EFLAGS=0x0000000000010287


Register to memory mapping:

RIP=0x00007ff812bd6360 native-platform-file-events.dll
RAX=0x0 is NULL
RBX=0x0 is NULL
RCX=0x000000e6a54fa5d8 is pointing into the stack for thread: 0x000002b3dde9ce00
RDX=0x0 is NULL
RSP=0x000000e6a40fece0 is pointing into the stack for thread: 0x000002b3db1d7bb0
RBP=0x0 is NULL
RSI=0x000000e6a54fa5d0 is pointing into the stack for thread: 0x000002b3dde9ce00
RDI=0x000000e6a54fa590 is pointing into the stack for thread: 0x000002b3dde9ce00
R8 =0x000002b3f53d7140 points into unknown readable memory: 0x000002b3f53d0d20 | 20 0d 3d f5 b3 02 00 00
R9 =0x000002b3dfd795a0 points into unknown readable memory: 0x000002b3dc11ef70 | 70 ef 11 dc b3 02 00 00
R10=0x000002b3f53d0000 points into unknown readable memory: 0x0000000000000000 | 00 00 00 00 00 00 00 00
R11=0x0000000000000246 is an unknown value
R12=0x0 is NULL
R13={method} {0x000002b3d8048038} 'executeRunLoop0' '(Ljava/lang/Object;)V' in 'net/rubygrapefruit/platform/internal/jni/AbstractNativeFileEventFunctions$NativeFileWatcher'
R14=0x0 is NULL
R15=0x000002b3db1d7bb0 is a thread


Top of Stack: (sp=0x000000e6a40fece0)
0x000000e6a40fece0:   000002b396139888 000000e6a40fed40
0x000000e6a40fecf0:   000002b3d7b7f280 00007ff812bb3133
0x000000e6a40fed00:   000002b3e555f168 00007ff812bd673f
0x000000e6a40fed10:   000057153cb165b6 00007ff812bbda83
0x000000e6a40fed20:   0000000000000000 000000e6a54fa590
0x000000e6a40fed30:   00007ff812baf150 00007ff812bc709b
0x000000e6a40fed40:   000000e6a54fa5d0 000002b38053750c
0x000000e6a40fed50:   0000000000000000 00007ff812bbbfae
0x000000e6a40fed60:   000002b3e555f160 00007ff812bb92a6
0x000000e6a40fed70:   000000e6a54fa5d0 0000000000000000
0x000000e6a40fed80:   000002b3e555f160 0000000000000000
0x000000e6a40fed90:   0000000000000000 00007ff812bc64c2
0x000000e6a40feda0:   000000e6a40fede0 000000e6a54fa5d0
0x000000e6a40fedb0:   0000000000000000 0000000000000000
0x000000e6a40fedc0:   0000000000000001 0000000000000000
0x000000e6a40fedd0:   0000000000000000 0000000000000000 

Instructions: (pc=0x00007ff812bd6360)
0x00007ff812bd6260:   7d 0b 00 48 89 01 48 83 c1 08 48 83 c4 28 48 ff
0x00007ff812bd6270:   25 03 7e 0f 00 48 8d 05 94 7d 0b 00 45 33 c0 48
0x00007ff812bd6280:   89 01 ba a0 0f 00 00 48 83 c1 08 48 83 c4 28 48
0x00007ff812bd6290:   ff 25 0a 7e 0f 00 e8 8b c3 fb ff cc cc cc cc cc
0x00007ff812bd62a0:   cc cc cc cc cc cc cc cc cc cc cc cc cc cc cc cc
0x00007ff812bd62b0:   cc cc cc cc cc cc cc cc 48 83 c1 08 48 ff 25 ed
0x00007ff812bd62c0:   7d 0f 00 cc cc cc cc cc c2 00 00 cc 48 83 c1 08
0x00007ff812bd62d0:   48 ff 25 b9 7d 0f 00 cc cc cc cc cc 48 83 c1 08
0x00007ff812bd62e0:   48 ff 25 a1 7d 0f 00 cc cc cc cc cc 48 89 5c 24
0x00007ff812bd62f0:   18 56 57 41 56 48 83 ec 40 48 8b 05 48 3f 0e 00
0x00007ff812bd6300:   48 33 c4 48 89 44 24 30 8b 01 4c 8b f2 0f ba f0
0x00007ff812bd6310:   08 48 8b f1 83 f8 01 75 2c ff 15 21 7d 0f 00 39
0x00007ff812bd6320:   46 48 74 19 48 8d 4e 08 48 8b 01 48 8b 00 ff 15
0x00007ff812bd6330:   ec 9c 0f 00 ff 15 06 7d 0f 00 89 46 48 ff 46 4c
0x00007ff812bd6340:   e9 f3 00 00 00 4d 85 f6 75 24 ff 15 f0 7c 0f 00
0x00007ff812bd6350:   39 46 48 0f 84 9d 00 00 00 48 8d 4e 08 48 8b 01
0x00007ff812bd6360:   48 8b 00 ff 15 b7 9c 0f 00 e9 88 00 00 00 48 83
0x00007ff812bd6370:   3a 00 7c 62 75 06 83 7a 08 00 7e 5a ba 01 00 00
0x00007ff812bd6380:   00 48 8d 4c 24 20 e8 30 e2 fb ff 48 8b 44 24 20
0x00007ff812bd6390:   49 3b 06 7c 0c 75 7d 41 8b 46 08 39 44 24 28 7d
0x00007ff812bd63a0:   73 ff 15 99 7c 0f 00 39 46 48 74 4a 48 8b 46 08
0x00007ff812bd63b0:   48 8d 54 24 20 49 8b ce 48 8b 58 10 e8 44 ed fb
0x00007ff812bd63c0:   ff 8b d0 48 8d 4e 08 48 8b c3 ff 15 50 9c 0f 00
0x00007ff812bd63d0:   84 c0 75 22 eb a6 ff 15 64 7c 0f 00 39 46 48 74
0x00007ff812bd63e0:   15 48 8d 4e 08 48 8b 01 48 8b 40 08 ff 15 2e 9c
0x00007ff812bd63f0:   0f 00 84 c0 74 1e 8b 4e 4c 8d 41 01 89 46 4c 83
0x00007ff812bd6400:   f8 01 7e 2b f7 06 00 01 00 00 75 2c 89 4e 4c 4d
0x00007ff812bd6410:   85 f6 74 14 49 83 3e 00 75 07 41 83 7e 08 00 74
0x00007ff812bd6420:   07 b8 02 00 00 00 eb 12 b8 03 00 00 00 eb 0b ff
0x00007ff812bd6430:   15 0b 7c 0f 00 89 46 48 33 c0 48 8b 4c 24 30 48
0x00007ff812bd6440:   33 cc e8 92 d7 fb ff 48 8b 5c 24 70 48 83 c4 40
0x00007ff812bd6450:   41 5e 5f 5e c3 cc cc cc cc cc cc cc cc cc cc cc 


Stack slot to memory mapping:
stack at sp + 0 slots: {method} {0x000002b396139890} 'find' '(Ljava/lang/String;)J' in 'jdk/internal/loader/NativeLibraries$NativeLibraryImpl'
stack at sp + 1 slots: 0x000000e6a40fed40 is pointing into the stack for thread: 0x000002b3db1d7bb0
stack at sp + 2 slots: 0x000002b3d7b7f280 is pointing into metadata
stack at sp + 3 slots: 0x00007ff812bb3133 native-platform-file-events.dll
stack at sp + 4 slots: 0x000002b3e555f168 points into unknown readable memory: 0x000002b3953fd870 | 70 d8 3f 95 b3 02 00 00
stack at sp + 5 slots: 0x00007ff812bd673f native-platform-file-events.dll
stack at sp + 6 slots: 0x000057153cb165b6 is an unknown value
stack at sp + 7 slots: 0x00007ff812bbda83 native-platform-file-events.dll


---------------  P R O C E S S  ---------------

Threads class SMR info:
_java_thread_list=0x000002b3e5497360, length=64, elements={
0x000002b3f77c38b0, 0x000002b39516ba10, 0x000002b39516d400, 0x000002b395184950,
0x000002b395184e30, 0x000002b395185310, 0x000002b3951857f0, 0x000002b39518b020,
0x000002b395190e80, 0x000002b3951933b0, 0x000002b395347d20, 0x000002b3953d8cb0,
0x000002b3db670b60, 0x000002b3db63a5a0, 0x000002b3db3bd190, 0x000002b3dbf35020,
0x000002b3dbdf6890, 0x000002b3db1d5d50, 0x000002b3db1d7190, 0x000002b3db1d4e20,
0x000002b3db1d5330, 0x000002b3db1d5840, 0x000002b3db1d76a0, 0x000002b3db1d6260,
0x000002b3db1d6c80, 0x000002b3db1d7bb0, 0x000002b3db1d80c0, 0x000002b3db1d85d0,
0x000002b3dc2e6e90, 0x000002b3dc2e5f60, 0x000002b3dc2e78b0, 0x000002b3dc2e7dc0,
0x000002b3dc2e87e0, 0x000002b3dc2e6470, 0x000002b3dc2e6980, 0x000002b3dc2e5540,
0x000002b3dc2e9200, 0x000002b3dc2e5a50, 0x000002b3dc2eba80, 0x000002b3dc2eb060,
0x000002b3dc2ebf90, 0x000002b3dc2eab50, 0x000002b3dc2ec9b0, 0x000002b3dc2ea640,
0x000002b3dde9d820, 0x000002b3ddea05b0, 0x000002b3dde9ce00, 0x000002b3ddea3340,
0x000002b3ddea19f0, 0x000002b3ddea2920, 0x000002b3ddea0ac0, 0x000002b3ddea14e0,
0x000002b3ddea1f00, 0x000002b3ddea2e30, 0x000002b3db1d6770, 0x000002b3debaac70,
0x000002b3deba79d0, 0x000002b3deba8e10, 0x000002b3debab180, 0x000002b3deba9830,
0x000002b3debabba0, 0x000002b3debaa250, 0x000002b3debab690, 0x000002b3deba8900
}

Java Threads: ( => current thread )
  0x000002b3f77c38b0 JavaThread "main" [_thread_blocked, id=8500, stack(0x000000e6a1d00000,0x000000e6a1e00000)]
  0x000002b39516ba10 JavaThread "Reference Handler" daemon [_thread_blocked, id=7456, stack(0x000000e6a2400000,0x000000e6a2500000)]
  0x000002b39516d400 JavaThread "Finalizer" daemon [_thread_blocked, id=2144, stack(0x000000e6a2500000,0x000000e6a2600000)]
  0x000002b395184950 JavaThread "Signal Dispatcher" daemon [_thread_blocked, id=13360, stack(0x000000e6a2600000,0x000000e6a2700000)]
  0x000002b395184e30 JavaThread "Attach Listener" daemon [_thread_blocked, id=1112, stack(0x000000e6a2700000,0x000000e6a2800000)]
  0x000002b395185310 JavaThread "Service Thread" daemon [_thread_blocked, id=1460, stack(0x000000e6a2800000,0x000000e6a2900000)]
  0x000002b3951857f0 JavaThread "Monitor Deflation Thread" daemon [_thread_blocked, id=7652, stack(0x000000e6a2900000,0x000000e6a2a00000)]
  0x000002b39518b020 JavaThread "C2 CompilerThread0" daemon [_thread_blocked, id=10208, stack(0x000000e6a2a00000,0x000000e6a2b00000)]
  0x000002b395190e80 JavaThread "C1 CompilerThread0" daemon [_thread_blocked, id=19816, stack(0x000000e6a2b00000,0x000000e6a2c00000)]
  0x000002b3951933b0 JavaThread "Sweeper thread" daemon [_thread_blocked, id=11768, stack(0x000000e6a2c00000,0x000000e6a2d00000)]
  0x000002b395347d20 JavaThread "Common-Cleaner" daemon [_thread_blocked, id=16712, stack(0x000000e6a2d00000,0x000000e6a2e00000)]
  0x000002b3953d8cb0 JavaThread "Notification Thread" daemon [_thread_blocked, id=21656, stack(0x000000e6a2e00000,0x000000e6a2f00000)]
  0x000002b3db670b60 JavaThread "Daemon health stats" [_thread_blocked, id=16404, stack(0x000000e6a3400000,0x000000e6a3500000)]
  0x000002b3db63a5a0 JavaThread "Incoming local TCP Connector on port 54961" [_thread_in_native, id=19516, stack(0x000000e6a3300000,0x000000e6a3400000)]
  0x000002b3db3bd190 JavaThread "Daemon periodic checks" [_thread_blocked, id=7904, stack(0x000000e6a3500000,0x000000e6a3600000)]
  0x000002b3dbf35020 JavaThread "Daemon" [_thread_blocked, id=20768, stack(0x000000e6a3600000,0x000000e6a3700000)]
  0x000002b3dbdf6890 JavaThread "Handler for socket connection from /127.0.0.1:54961 to /127.0.0.1:54962" [_thread_in_native, id=8628, stack(0x000000e6a3700000,0x000000e6a3800000)]
  0x000002b3db1d5d50 JavaThread "Cancel handler" [_thread_blocked, id=17228, stack(0x000000e6a3800000,0x000000e6a3900000)]
  0x000002b3db1d7190 JavaThread "Daemon worker" [_thread_blocked, id=13308, stack(0x000000e6a3900000,0x000000e6a3a00000)]
  0x000002b3db1d4e20 JavaThread "Asynchronous log dispatcher for DefaultDaemonConnection: socket connection from /127.0.0.1:54961 to /127.0.0.1:54962" [_thread_blocked, id=2012, stack(0x000000e6a3a00000,0x000000e6a3b00000)]
  0x000002b3db1d5330 JavaThread "Stdin handler" [_thread_blocked, id=16844, stack(0x000000e6a3b00000,0x000000e6a3c00000)]
  0x000002b3db1d5840 JavaThread "Daemon client event forwarder" [_thread_blocked, id=17492, stack(0x000000e6a3c00000,0x000000e6a3d00000)]
  0x000002b3db1d76a0 JavaThread "Cache worker for journal cache (C:\Users\ittnw\.gradle\caches\journal-1)" [_thread_blocked, id=1084, stack(0x000000e6a3d00000,0x000000e6a3e00000)]
  0x000002b3db1d6260 JavaThread "File lock request listener" [_thread_in_native, id=5348, stack(0x000000e6a3e00000,0x000000e6a3f00000)]
  0x000002b3db1d6c80 JavaThread "Cache worker for file hash cache (C:\Users\ittnw\.gradle\caches\8.2\fileHashes)" [_thread_blocked, id=11200, stack(0x000000e6a3f00000,0x000000e6a4000000)]
=>0x000002b3db1d7bb0 JavaThread "File watcher server" daemon [_thread_in_native, id=7280, stack(0x000000e6a4000000,0x000000e6a4100000)]
  0x000002b3db1d80c0 JavaThread "File watcher consumer" daemon [_thread_blocked, id=7140, stack(0x000000e6a4100000,0x000000e6a4200000)]
  0x000002b3db1d85d0 JavaThread "Cache worker for checksums cache (C:\Android-Github-Widget\.gradle\8.2\checksums)" [_thread_blocked, id=12976, stack(0x000000e6a4300000,0x000000e6a4400000)]
  0x000002b3dc2e6e90 JavaThread "Cache worker for cache directory md-rule (C:\Users\ittnw\.gradle\caches\8.2\md-rule)" [_thread_blocked, id=18412, stack(0x000000e6a4400000,0x000000e6a4500000)]
  0x000002b3dc2e5f60 JavaThread "Cache worker for file content cache (C:\Users\ittnw\.gradle\caches\8.2\fileContent)" [_thread_blocked, id=8428, stack(0x000000e6a4500000,0x000000e6a4600000)]
  0x000002b3dc2e78b0 JavaThread "Cache worker for file hash cache (C:\Android-Github-Widget\.gradle\8.2\fileHashes)" [_thread_blocked, id=3868, stack(0x000000e6a4600000,0x000000e6a4700000)]
  0x000002b3dc2e7dc0 JavaThread "Cache worker for cache directory md-supplier (C:\Users\ittnw\.gradle\caches\8.2\md-supplier)" [_thread_blocked, id=3384, stack(0x000000e6a4700000,0x000000e6a4800000)]
  0x000002b3dc2e87e0 JavaThread "Cache worker for execution history cache (C:\Users\ittnw\.gradle\caches\8.2\executionHistory)" [_thread_blocked, id=18788, stack(0x000000e6a4800000,0x000000e6a4900000)]
  0x000002b3dc2e6470 JavaThread "Cache worker for kotlin-dsl (C:\Users\ittnw\.gradle\caches\8.2\kotlin-dsl)" [_thread_blocked, id=7340, stack(0x000000e6a4a00000,0x000000e6a4b00000)]
  0x000002b3dc2e6980 JavaThread "jar transforms" [_thread_blocked, id=16120, stack(0x000000e6a4b00000,0x000000e6a4c00000)]
  0x000002b3dc2e5540 JavaThread "jar transforms Thread 2" [_thread_blocked, id=6976, stack(0x000000e6a4c00000,0x000000e6a4d00000)]
  0x000002b3dc2e9200 JavaThread "jar transforms Thread 3" [_thread_blocked, id=16972, stack(0x000000e6a4d00000,0x000000e6a4e00000)]
  0x000002b3dc2e5a50 JavaThread "jar transforms Thread 4" [_thread_blocked, id=16968, stack(0x000000e6a4e00000,0x000000e6a4f00000)]
  0x000002b3dc2eba80 JavaThread "Cache worker for dependencies-accessors (C:\Android-Github-Widget\.gradle\8.2\dependencies-accessors)" [_thread_blocked, id=8744, stack(0x000000e6a4f00000,0x000000e6a5000000)]
  0x000002b3dc2eb060 JavaThread "Cache worker for Build Output Cleanup Cache (C:\Android-Github-Widget\.gradle\buildOutputCleanup)" [_thread_blocked, id=4388, stack(0x000000e6a5000000,0x000000e6a5100000)]
  0x000002b3dc2ebf90 JavaThread "Unconstrained build operations" [_thread_blocked, id=20040, stack(0x000000e6a4900000,0x000000e6a4a00000)]
  0x000002b3dc2eab50 JavaThread "Unconstrained build operations Thread 2" [_thread_blocked, id=20448, stack(0x000000e6a5100000,0x000000e6a5200000)]
  0x000002b3dc2ec9b0 JavaThread "Unconstrained build operations Thread 3" [_thread_blocked, id=14056, stack(0x000000e6a5200000,0x000000e6a5300000)]
  0x000002b3dc2ea640 JavaThread "Memory manager" [_thread_blocked, id=20420, stack(0x000000e6a5300000,0x000000e6a5400000)]
  0x000002b3dde9d820 JavaThread "build event listener" [_thread_blocked, id=21720, stack(0x000000e6a5700000,0x000000e6a5800000)]
  0x000002b3ddea05b0 JavaThread "included builds" [_thread_blocked, id=12376, stack(0x000000e6a1c00000,0x000000e6a1d00000)]
  0x000002b3dde9ce00 JavaThread "Execution worker" [_thread_in_native, id=13912, stack(0x000000e6a5400000,0x000000e6a5500000)]
  0x000002b3ddea3340 JavaThread "Execution worker Thread 2" [_thread_blocked, id=23024, stack(0x000000e6a5800000,0x000000e6a5900000)]
  0x000002b3ddea19f0 JavaThread "Execution worker Thread 3" [_thread_blocked, id=23216, stack(0x000000e6a5900000,0x000000e6a5a00000)]
  0x000002b3ddea2920 JavaThread "Cache worker for execution history cache (C:\Android-Github-Widget\.gradle\8.2\executionHistory)" [_thread_blocked, id=14828, stack(0x000000e6a5a00000,0x000000e6a5b00000)]
  0x000002b3ddea0ac0 JavaThread "Unconstrained build operations Thread 4" [_thread_blocked, id=11608, stack(0x000000e6a5b00000,0x000000e6a5c00000)]
  0x000002b3ddea14e0 JavaThread "Unconstrained build operations Thread 5" [_thread_blocked, id=17468, stack(0x000000e6a5c00000,0x000000e6a5d00000)]
  0x000002b3ddea1f00 JavaThread "Unconstrained build operations Thread 6" [_thread_blocked, id=10976, stack(0x000000e6a5d00000,0x000000e6a5e00000)]
  0x000002b3ddea2e30 JavaThread "Unconstrained build operations Thread 7" [_thread_blocked, id=23228, stack(0x000000e6a5e00000,0x000000e6a5f00000)]
  0x000002b3db1d6770 JavaThread "Unconstrained build operations Thread 8" [_thread_blocked, id=17084, stack(0x000000e6a5f00000,0x000000e6a6000000)]
  0x000002b3debaac70 JavaThread "Unconstrained build operations Thread 9" [_thread_blocked, id=10260, stack(0x000000e6a6000000,0x000000e6a6100000)]
  0x000002b3deba79d0 JavaThread "WorkerExecutor Queue" [_thread_blocked, id=12268, stack(0x000000e6a1b00000,0x000000e6a1c00000)]
  0x000002b3deba8e10 JavaThread "Unconstrained build operations Thread 10" [_thread_blocked, id=7752, stack(0x000000e6a6100000,0x000000e6a6200000)]
  0x000002b3debab180 JavaThread "Unconstrained build operations Thread 11" [_thread_blocked, id=11044, stack(0x000000e6a6200000,0x000000e6a6300000)]
  0x000002b3deba9830 JavaThread "Unconstrained build operations Thread 12" [_thread_blocked, id=10160, stack(0x000000e6a6300000,0x000000e6a6400000)]
  0x000002b3debabba0 JavaThread "WorkerExecutor Queue Thread 2" [_thread_blocked, id=21532, stack(0x000000e6a6700000,0x000000e6a6800000)]
  0x000002b3debaa250 JavaThread "WorkerExecutor Queue Thread 3" [_thread_blocked, id=10952, stack(0x000000e6a6800000,0x000000e6a6900000)]
  0x000002b3debab690 JavaThread "WorkerExecutor Queue Thread 4" [_thread_blocked, id=15872, stack(0x000000e6a6900000,0x000000e6a6a00000)]
  0x000002b3deba8900 JavaThread "Unconstrained build operations Thread 13" [_thread_blocked, id=21692, stack(0x000000e6a6b00000,0x000000e6a6c00000)]

Other Threads:
  0x000002b3951690c0 VMThread "VM Thread" [stack: 0x000000e6a2300000,0x000000e6a2400000] [id=10616]
  0x000002b39541cf60 WatcherThread [stack: 0x000000e6a2f00000,0x000000e6a3000000] [id=12480]
  0x000002b3f7820290 GCTaskThread "GC Thread#0" [stack: 0x000000e6a1e00000,0x000000e6a1f00000] [id=22300]
  0x000002b3957ab790 GCTaskThread "GC Thread#1" [stack: 0x000000e6a3100000,0x000000e6a3200000] [id=17976]
  0x000002b395437300 GCTaskThread "GC Thread#2" [stack: 0x000000e6a3200000,0x000000e6a3300000] [id=22836]
  0x000002b39570bfe0 GCTaskThread "GC Thread#3" [stack: 0x000000e6a3000000,0x000000e6a3100000] [id=4540]
  0x000002b3f78310f0 ConcurrentGCThread "G1 Main Marker" [stack: 0x000000e6a1f00000,0x000000e6a2000000] [id=23496]
  0x000002b3f7832a20 ConcurrentGCThread "G1 Conc#0" [stack: 0x000000e6a2000000,0x000000e6a2100000] [id=18792]
  0x000002b3f78874b0 ConcurrentGCThread "G1 Refine#0" [stack: 0x000000e6a2100000,0x000000e6a2200000] [id=1748]
  0x000002b3dbe4ae20 ConcurrentGCThread "G1 Refine#1" [stack: 0x000000e6a4200000,0x000000e6a4300000] [id=1444]
  0x000002b3dd9c4bc0 ConcurrentGCThread "G1 Refine#2" [stack: 0x000000e6a6500000,0x000000e6a6600000] [id=15496]
  0x000002b395cffb00 ConcurrentGCThread "G1 Refine#3" [stack: 0x000000e6a6600000,0x000000e6a6700000] [id=16364]
  0x000002b395022310 ConcurrentGCThread "G1 Service" [stack: 0x000000e6a2200000,0x000000e6a2300000] [id=22624]

Threads with active compile tasks:

VM state: not at safepoint (normal execution)

VM Mutex/Monitor currently owned by a thread: None

Heap address: 0x0000000080000000, size: 2048 MB, Compressed Oops mode: 32-bit

CDS archive(s) mapped at: [0x000002b396000000-0x000002b396bd0000-0x000002b396bd0000), size 12386304, SharedBaseAddress: 0x000002b396000000, ArchiveRelocationMode: 1.
Compressed class space mapped at: 0x000002b397000000-0x000002b3d7000000, reserved size: 1073741824
Narrow klass base: 0x000002b396000000, Narrow klass shift: 0, Narrow klass range: 0x100000000

GC Precious Log:
 CPUs: 4 total, 4 available
 Memory: 7986M
 Large Page Support: Disabled
 NUMA Support: Disabled
 Compressed Oops: Enabled (32-bit)
 Heap Region Size: 1M
 Heap Min Capacity: 8M
 Heap Initial Capacity: 126M
 Heap Max Capacity: 2G
 Pre-touch: Disabled
 Parallel Workers: 4
 Concurrent Workers: 1
 Concurrent Refinement Workers: 4
 Periodic GC: Disabled

Heap:
 garbage-first heap   total 287744K, used 228432K [0x0000000080000000, 0x0000000100000000)
  region size 1024K, 62 young (63488K), 9 survivors (9216K)
 Metaspace       used 104707K, committed 105472K, reserved 1179648K
  class space    used 14087K, committed 14464K, reserved 1048576K

Heap Regions: E=young(eden), S=young(survivor), O=old, HS=humongous(starts), HC=humongous(continues), CS=collection set, F=free, OA=open archive, CA=closed archive, TAMS=top-at-mark-start (previous, next)
|   0|0x0000000080000000, 0x0000000080100000, 0x0000000080100000|100%| O|  |TAMS 0x0000000080100000, 0x0000000080000000| Untracked 
|   1|0x0000000080100000, 0x0000000080200000, 0x0000000080200000|100%| O|  |TAMS 0x0000000080200000, 0x0000000080100000| Untracked 
|   2|0x0000000080200000, 0x0000000080300000, 0x0000000080300000|100%|HS|  |TAMS 0x0000000080300000, 0x0000000080200000| Complete 
|   3|0x0000000080300000, 0x0000000080400000, 0x0000000080400000|100%|HC|  |TAMS 0x0000000080400000, 0x0000000080300000| Complete 
|   4|0x0000000080400000, 0x0000000080500000, 0x0000000080500000|100%|HC|  |TAMS 0x0000000080500000, 0x0000000080400000| Complete 
|   5|0x0000000080500000, 0x0000000080600000, 0x0000000080600000|100%|HC|  |TAMS 0x0000000080600000, 0x0000000080500000| Complete 
|   6|0x0000000080600000, 0x0000000080700000, 0x0000000080700000|100%| O|  |TAMS 0x0000000080700000, 0x0000000080600000| Untracked 
|   7|0x0000000080700000, 0x0000000080800000, 0x0000000080800000|100%| O|  |TAMS 0x0000000080800000, 0x0000000080700000| Untracked 
|   8|0x0000000080800000, 0x0000000080900000, 0x0000000080900000|100%| O|  |TAMS 0x0000000080900000, 0x0000000080800000| Untracked 
|   9|0x0000000080900000, 0x0000000080a00000, 0x0000000080a00000|100%| O|  |TAMS 0x0000000080a00000, 0x0000000080900000| Untracked 
|  10|0x0000000080a00000, 0x0000000080b00000, 0x0000000080b00000|100%| O|  |TAMS 0x0000000080b00000, 0x0000000080a00000| Untracked 
|  11|0x0000000080b00000, 0x0000000080c00000, 0x0000000080c00000|100%| O|  |TAMS 0x0000000080c00000, 0x0000000080b00000| Untracked 
|  12|0x0000000080c00000, 0x0000000080d00000, 0x0000000080d00000|100%| O|  |TAMS 0x0000000080d00000, 0x0000000080c00000| Untracked 
|  13|0x0000000080d00000, 0x0000000080e00000, 0x0000000080e00000|100%| O|  |TAMS 0x0000000080e00000, 0x0000000080d00000| Untracked 
|  14|0x0000000080e00000, 0x0000000080f00000, 0x0000000080f00000|100%| O|  |TAMS 0x0000000080f00000, 0x0000000080e00000| Untracked 
|  15|0x0000000080f00000, 0x0000000081000000, 0x0000000081000000|100%| O|  |TAMS 0x0000000081000000, 0x0000000080f00000| Untracked 
|  16|0x0000000081000000, 0x0000000081100000, 0x0000000081100000|100%| O|  |TAMS 0x0000000081100000, 0x0000000081000000| Untracked 
|  17|0x0000000081100000, 0x0000000081200000, 0x0000000081200000|100%| O|  |TAMS 0x0000000081200000, 0x0000000081100000| Untracked 
|  18|0x0000000081200000, 0x0000000081300000, 0x0000000081300000|100%| O|  |TAMS 0x0000000081300000, 0x0000000081200000| Untracked 
|  19|0x0000000081300000, 0x0000000081400000, 0x0000000081400000|100%| O|  |TAMS 0x0000000081300000, 0x0000000081300000| Untracked 
|  20|0x0000000081400000, 0x0000000081500000, 0x0000000081500000|100%| O|  |TAMS 0x0000000081500000, 0x0000000081400000| Untracked 
|  21|0x0000000081500000, 0x0000000081600000, 0x0000000081600000|100%| O|  |TAMS 0x0000000081600000, 0x0000000081500000| Untracked 
|  22|0x0000000081600000, 0x0000000081700000, 0x0000000081700000|100%| O|  |TAMS 0x0000000081700000, 0x0000000081600000| Untracked 
|  23|0x0000000081700000, 0x0000000081800000, 0x0000000081800000|100%| O|  |TAMS 0x0000000081800000, 0x0000000081700000| Untracked 
|  24|0x0000000081800000, 0x0000000081900000, 0x0000000081900000|100%| O|  |TAMS 0x0000000081900000, 0x0000000081800000| Untracked 
|  25|0x0000000081900000, 0x0000000081a00000, 0x0000000081a00000|100%| O|  |TAMS 0x0000000081a00000, 0x0000000081900000| Untracked 
|  26|0x0000000081a00000, 0x0000000081b00000, 0x0000000081b00000|100%| O|  |TAMS 0x0000000081b00000, 0x0000000081a00000| Untracked 
|  27|0x0000000081b00000, 0x0000000081c00000, 0x0000000081c00000|100%| O|  |TAMS 0x0000000081c00000, 0x0000000081b00000| Untracked 
|  28|0x0000000081c00000, 0x0000000081d00000, 0x0000000081d00000|100%| O|  |TAMS 0x0000000081d00000, 0x0000000081c00000| Untracked 
|  29|0x0000000081d00000, 0x0000000081e00000, 0x0000000081e00000|100%| O|  |TAMS 0x0000000081d00000, 0x0000000081d00000| Untracked 
|  30|0x0000000081e00000, 0x0000000081f00000, 0x0000000081f00000|100%| O|  |TAMS 0x0000000081f00000, 0x0000000081e00000| Untracked 
|  31|0x0000000081f00000, 0x0000000082000000, 0x0000000082000000|100%|HS|  |TAMS 0x0000000082000000, 0x0000000081f00000| Complete 
|  32|0x0000000082000000, 0x0000000082100000, 0x0000000082100000|100%|HS|  |TAMS 0x0000000082100000, 0x0000000082000000| Complete 
|  33|0x0000000082100000, 0x0000000082200000, 0x0000000082200000|100%|HS|  |TAMS 0x0000000082200000, 0x0000000082100000| Complete 
|  34|0x0000000082200000, 0x0000000082300000, 0x0000000082300000|100%|HC|  |TAMS 0x0000000082300000, 0x0000000082200000| Complete 
|  35|0x0000000082300000, 0x0000000082400000, 0x0000000082400000|100%| O|  |TAMS 0x0000000082400000, 0x0000000082300000| Untracked 
|  36|0x0000000082400000, 0x0000000082500000, 0x0000000082500000|100%| O|  |TAMS 0x0000000082500000, 0x0000000082400000| Untracked 
|  37|0x0000000082500000, 0x0000000082600000, 0x0000000082600000|100%| O|  |TAMS 0x0000000082600000, 0x0000000082500000| Untracked 
|  38|0x0000000082600000, 0x0000000082700000, 0x0000000082700000|100%| O|  |TAMS 0x0000000082600000, 0x0000000082600000| Untracked 
|  39|0x0000000082700000, 0x0000000082800000, 0x0000000082800000|100%| O|  |TAMS 0x0000000082700000, 0x0000000082700000| Untracked 
|  40|0x0000000082800000, 0x0000000082900000, 0x0000000082900000|100%|HS|  |TAMS 0x0000000082900000, 0x0000000082800000| Complete 
|  41|0x0000000082900000, 0x0000000082a00000, 0x0000000082a00000|100%|HC|  |TAMS 0x0000000082a00000, 0x0000000082900000| Complete 
|  42|0x0000000082a00000, 0x0000000082b00000, 0x0000000082b00000|100%|HS|  |TAMS 0x0000000082b00000, 0x0000000082a00000| Complete 
|  43|0x0000000082b00000, 0x0000000082c00000, 0x0000000082c00000|100%| O|  |TAMS 0x0000000082c00000, 0x0000000082b00000| Untracked 
|  44|0x0000000082c00000, 0x0000000082d00000, 0x0000000082d00000|100%| O|  |TAMS 0x0000000082d00000, 0x0000000082c00000| Untracked 
|  45|0x0000000082d00000, 0x0000000082e00000, 0x0000000082e00000|100%| O|  |TAMS 0x0000000082e00000, 0x0000000082d00000| Untracked 
|  46|0x0000000082e00000, 0x0000000082f00000, 0x0000000082f00000|100%|HS|  |TAMS 0x0000000082f00000, 0x0000000082e00000| Complete 
|  47|0x0000000082f00000, 0x0000000083000000, 0x0000000083000000|100%|HC|  |TAMS 0x0000000083000000, 0x0000000082f00000| Complete 
|  48|0x0000000083000000, 0x0000000083100000, 0x0000000083100000|100%|HC|  |TAMS 0x0000000083100000, 0x0000000083000000| Complete 
|  49|0x0000000083100000, 0x0000000083200000, 0x0000000083200000|100%|HC|  |TAMS 0x0000000083200000, 0x0000000083100000| Complete 
|  50|0x0000000083200000, 0x0000000083300000, 0x0000000083300000|100%|HS|  |TAMS 0x0000000083300000, 0x0000000083200000| Complete 
|  51|0x0000000083300000, 0x0000000083400000, 0x0000000083400000|100%| O|  |TAMS 0x0000000083400000, 0x0000000083300000| Untracked 
|  52|0x0000000083400000, 0x0000000083500000, 0x0000000083500000|100%| O|  |TAMS 0x0000000083500000, 0x0000000083400000| Untracked 
|  53|0x0000000083500000, 0x0000000083600000, 0x0000000083600000|100%| O|  |TAMS 0x0000000083600000, 0x0000000083500000| Untracked 
|  54|0x0000000083600000, 0x0000000083700000, 0x0000000083700000|100%| O|  |TAMS 0x0000000083700000, 0x0000000083600000| Untracked 
|  55|0x0000000083700000, 0x0000000083800000, 0x0000000083800000|100%| O|  |TAMS 0x0000000083800000, 0x0000000083700000| Untracked 
|  56|0x0000000083800000, 0x0000000083900000, 0x0000000083900000|100%| O|  |TAMS 0x0000000083900000, 0x0000000083800000| Untracked 
|  57|0x0000000083900000, 0x0000000083a00000, 0x0000000083a00000|100%|HS|  |TAMS 0x0000000083a00000, 0x0000000083900000| Complete 
|  58|0x0000000083a00000, 0x0000000083b00000, 0x0000000083b00000|100%| O|  |TAMS 0x0000000083b00000, 0x0000000083a00000| Untracked 
|  59|0x0000000083b00000, 0x0000000083c00000, 0x0000000083c00000|100%| O|  |TAMS 0x0000000083c00000, 0x0000000083b00000| Untracked 
|  60|0x0000000083c00000, 0x0000000083d00000, 0x0000000083d00000|100%| O|  |TAMS 0x0000000083d00000, 0x0000000083c00000| Untracked 
|  61|0x0000000083d00000, 0x0000000083e00000, 0x0000000083e00000|100%| O|  |TAMS 0x0000000083e00000, 0x0000000083d00000| Untracked 
|  62|0x0000000083e00000, 0x0000000083f00000, 0x0000000083f00000|100%| O|  |TAMS 0x0000000083f00000, 0x0000000083e00000| Untracked 
|  63|0x0000000083f00000, 0x0000000084000000, 0x0000000084000000|100%| O|  |TAMS 0x0000000084000000, 0x0000000083f00000| Untracked 
|  64|0x0000000084000000, 0x0000000084100000, 0x0000000084100000|100%| O|  |TAMS 0x0000000084100000, 0x0000000084000000| Untracked 
|  65|0x0000000084100000, 0x0000000084200000, 0x0000000084200000|100%| O|  |TAMS 0x0000000084200000, 0x0000000084100000| Untracked 
|  66|0x0000000084200000, 0x0000000084300000, 0x0000000084300000|100%| O|  |TAMS 0x0000000084300000, 0x0000000084200000| Untracked 
|  67|0x0000000084300000, 0x0000000084400000, 0x0000000084400000|100%|HS|  |TAMS 0x0000000084400000, 0x0000000084300000| Complete 
|  68|0x0000000084400000, 0x0000000084500000, 0x0000000084500000|100%|HC|  |TAMS 0x0000000084500000, 0x0000000084400000| Complete 
|  69|0x0000000084500000, 0x0000000084600000, 0x0000000084600000|100%|HC|  |TAMS 0x0000000084600000, 0x0000000084500000| Complete 
|  70|0x0000000084600000, 0x0000000084700000, 0x0000000084700000|100%|HC|  |TAMS 0x0000000084700000, 0x0000000084600000| Complete 
|  71|0x0000000084700000, 0x0000000084800000, 0x0000000084800000|100%| O|  |TAMS 0x0000000084800000, 0x0000000084700000| Untracked 
|  72|0x0000000084800000, 0x0000000084900000, 0x0000000084900000|100%| O|  |TAMS 0x0000000084900000, 0x0000000084800000| Untracked 
|  73|0x0000000084900000, 0x0000000084a00000, 0x0000000084a00000|100%| O|  |TAMS 0x0000000084a00000, 0x0000000084900000| Untracked 
|  74|0x0000000084a00000, 0x0000000084b00000, 0x0000000084b00000|100%| O|  |TAMS 0x0000000084b00000, 0x0000000084a00000| Untracked 
|  75|0x0000000084b00000, 0x0000000084c00000, 0x0000000084c00000|100%| O|  |TAMS 0x0000000084c00000, 0x0000000084b00000| Untracked 
|  76|0x0000000084c00000, 0x0000000084d00000, 0x0000000084d00000|100%| O|  |TAMS 0x0000000084d00000, 0x0000000084c00000| Untracked 
|  77|0x0000000084d00000, 0x0000000084e00000, 0x0000000084e00000|100%| O|  |TAMS 0x0000000084e00000, 0x0000000084d00000| Untracked 
|  78|0x0000000084e00000, 0x0000000084f00000, 0x0000000084f00000|100%| O|  |TAMS 0x0000000084e00000, 0x0000000084e00000| Untracked 
|  79|0x0000000084f00000, 0x0000000085000000, 0x0000000085000000|100%| O|  |TAMS 0x0000000085000000, 0x0000000084f00000| Untracked 
|  80|0x0000000085000000, 0x0000000085100000, 0x0000000085100000|100%| O|  |TAMS 0x0000000085100000, 0x0000000085000000| Untracked 
|  81|0x0000000085100000, 0x0000000085200000, 0x0000000085200000|100%| O|  |TAMS 0x0000000085200000, 0x0000000085100000| Untracked 
|  82|0x0000000085200000, 0x0000000085300000, 0x0000000085300000|100%| O|  |TAMS 0x0000000085300000, 0x0000000085200000| Untracked 
|  83|0x0000000085300000, 0x0000000085400000, 0x0000000085400000|100%| O|  |TAMS 0x0000000085400000, 0x0000000085300000| Untracked 
|  84|0x0000000085400000, 0x0000000085500000, 0x0000000085500000|100%| O|  |TAMS 0x0000000085500000, 0x0000000085400000| Untracked 
|  85|0x0000000085500000, 0x0000000085600000, 0x0000000085600000|100%| O|  |TAMS 0x0000000085600000, 0x0000000085500000| Untracked 
|  86|0x0000000085600000, 0x0000000085700000, 0x0000000085700000|100%| O|  |TAMS 0x0000000085700000, 0x0000000085600000| Untracked 
|  87|0x0000000085700000, 0x0000000085800000, 0x0000000085800000|100%| O|  |TAMS 0x0000000085800000, 0x0000000085700000| Untracked 
|  88|0x0000000085800000, 0x0000000085900000, 0x0000000085900000|100%| O|  |TAMS 0x0000000085900000, 0x0000000085800000| Untracked 
|  89|0x0000000085900000, 0x0000000085a00000, 0x0000000085a00000|100%| O|  |TAMS 0x0000000085a00000, 0x0000000085900000| Untracked 
|  90|0x0000000085a00000, 0x0000000085b00000, 0x0000000085b00000|100%| O|  |TAMS 0x0000000085b00000, 0x0000000085a00000| Untracked 
|  91|0x0000000085b00000, 0x0000000085c00000, 0x0000000085c00000|100%| O|  |TAMS 0x0000000085c00000, 0x0000000085b00000| Untracked 
|  92|0x0000000085c00000, 0x0000000085d00000, 0x0000000085d00000|100%| O|  |TAMS 0x0000000085d00000, 0x0000000085c00000| Untracked 
|  93|0x0000000085d00000, 0x0000000085e00000, 0x0000000085e00000|100%| O|  |TAMS 0x0000000085e00000, 0x0000000085d00000| Untracked 
|  94|0x0000000085e00000, 0x0000000085f00000, 0x0000000085f00000|100%| O|  |TAMS 0x0000000085f00000, 0x0000000085e00000| Untracked 
|  95|0x0000000085f00000, 0x0000000086000000, 0x0000000086000000|100%| O|  |TAMS 0x0000000086000000, 0x0000000085f00000| Untracked 
|  96|0x0000000086000000, 0x0000000086100000, 0x0000000086100000|100%| O|  |TAMS 0x0000000086100000, 0x0000000086000000| Untracked 
|  97|0x0000000086100000, 0x0000000086200000, 0x0000000086200000|100%| O|  |TAMS 0x0000000086200000, 0x0000000086100000| Untracked 
|  98|0x0000000086200000, 0x0000000086300000, 0x0000000086300000|100%| O|  |TAMS 0x0000000086300000, 0x0000000086200000| Untracked 
|  99|0x0000000086300000, 0x0000000086400000, 0x0000000086400000|100%| O|  |TAMS 0x0000000086400000, 0x0000000086300000| Untracked 
| 100|0x0000000086400000, 0x0000000086500000, 0x0000000086500000|100%| O|  |TAMS 0x0000000086500000, 0x0000000086400000| Untracked 
| 101|0x0000000086500000, 0x0000000086600000, 0x0000000086600000|100%| O|  |TAMS 0x0000000086600000, 0x0000000086500000| Untracked 
| 102|0x0000000086600000, 0x0000000086700000, 0x0000000086700000|100%| O|  |TAMS 0x0000000086700000, 0x0000000086600000| Untracked 
| 103|0x0000000086700000, 0x0000000086800000, 0x0000000086800000|100%| O|  |TAMS 0x0000000086800000, 0x0000000086700000| Untracked 
| 104|0x0000000086800000, 0x0000000086900000, 0x0000000086900000|100%| O|  |TAMS 0x0000000086900000, 0x0000000086800000| Untracked 
| 105|0x0000000086900000, 0x0000000086a00000, 0x0000000086a00000|100%| O|  |TAMS 0x0000000086a00000, 0x0000000086900000| Untracked 
| 106|0x0000000086a00000, 0x0000000086b00000, 0x0000000086b00000|100%| O|  |TAMS 0x0000000086b00000, 0x0000000086a00000| Untracked 
| 107|0x0000000086b00000, 0x0000000086c00000, 0x0000000086c00000|100%| O|  |TAMS 0x0000000086c00000, 0x0000000086b00000| Untracked 
| 108|0x0000000086c00000, 0x0000000086d00000, 0x0000000086d00000|100%| O|  |TAMS 0x0000000086d00000, 0x0000000086c00000| Untracked 
| 109|0x0000000086d00000, 0x0000000086e00000, 0x0000000086e00000|100%| O|  |TAMS 0x0000000086e00000, 0x0000000086d00000| Untracked 
| 110|0x0000000086e00000, 0x0000000086f00000, 0x0000000086f00000|100%| O|  |TAMS 0x0000000086e17400, 0x0000000086e00000| Untracked 
| 111|0x0000000086f00000, 0x0000000087000000, 0x0000000087000000|100%| O|  |TAMS 0x0000000086f00000, 0x0000000086f00000| Untracked 
| 112|0x0000000087000000, 0x0000000087100000, 0x0000000087100000|100%| O|  |TAMS 0x0000000087000000, 0x0000000087000000| Untracked 
| 113|0x0000000087100000, 0x0000000087200000, 0x0000000087200000|100%| O|  |TAMS 0x0000000087100000, 0x0000000087100000| Untracked 
| 114|0x0000000087200000, 0x0000000087300000, 0x0000000087300000|100%| O|  |TAMS 0x0000000087200000, 0x0000000087200000| Untracked 
| 115|0x0000000087300000, 0x0000000087400000, 0x0000000087400000|100%|HS|  |TAMS 0x0000000087400000, 0x0000000087300000| Complete 
| 116|0x0000000087400000, 0x0000000087500000, 0x0000000087500000|100%|HC|  |TAMS 0x0000000087500000, 0x0000000087400000| Complete 
| 117|0x0000000087500000, 0x0000000087600000, 0x0000000087600000|100%| O|  |TAMS 0x0000000087500000, 0x0000000087500000| Untracked 
| 118|0x0000000087600000, 0x0000000087700000, 0x0000000087700000|100%| O|  |TAMS 0x0000000087600000, 0x0000000087600000| Untracked 
| 119|0x0000000087700000, 0x0000000087800000, 0x0000000087800000|100%| O|  |TAMS 0x0000000087700000, 0x0000000087700000| Untracked 
| 120|0x0000000087800000, 0x0000000087900000, 0x0000000087900000|100%| O|  |TAMS 0x0000000087800000, 0x0000000087800000| Untracked 
| 121|0x0000000087900000, 0x0000000087a00000, 0x0000000087a00000|100%| O|  |TAMS 0x0000000087900000, 0x0000000087900000| Untracked 
| 122|0x0000000087a00000, 0x0000000087b00000, 0x0000000087b00000|100%| O|  |TAMS 0x0000000087a00000, 0x0000000087a00000| Untracked 
| 123|0x0000000087b00000, 0x0000000087c00000, 0x0000000087c00000|100%| O|  |TAMS 0x0000000087b00000, 0x0000000087b00000| Untracked 
| 124|0x0000000087c00000, 0x0000000087d00000, 0x0000000087d00000|100%| O|  |TAMS 0x0000000087c00000, 0x0000000087c00000| Untracked 
| 125|0x0000000087d00000, 0x0000000087e00000, 0x0000000087e00000|100%| O|  |TAMS 0x0000000087d00000, 0x0000000087d00000| Untracked 
| 126|0x0000000087e00000, 0x0000000087f00000, 0x0000000087f00000|100%| O|  |TAMS 0x0000000087e00000, 0x0000000087e00000| Untracked 
| 127|0x0000000087f00000, 0x0000000088000000, 0x0000000088000000|100%| O|  |TAMS 0x0000000087f00000, 0x0000000087f00000| Untracked 
| 128|0x0000000088000000, 0x0000000088100000, 0x0000000088100000|100%| O|  |TAMS 0x0000000088000000, 0x0000000088000000| Untracked 
| 129|0x0000000088100000, 0x0000000088200000, 0x0000000088200000|100%| O|  |TAMS 0x0000000088100000, 0x0000000088100000| Untracked 
| 130|0x0000000088200000, 0x0000000088300000, 0x0000000088300000|100%| O|  |TAMS 0x0000000088200000, 0x0000000088200000| Untracked 
| 131|0x0000000088300000, 0x0000000088400000, 0x0000000088400000|100%| O|  |TAMS 0x0000000088300000, 0x0000000088300000| Untracked 
| 132|0x0000000088400000, 0x0000000088500000, 0x0000000088500000|100%| O|  |TAMS 0x0000000088400000, 0x0000000088400000| Untracked 
| 133|0x0000000088500000, 0x0000000088600000, 0x0000000088600000|100%| O|  |TAMS 0x0000000088500000, 0x0000000088500000| Untracked 
| 134|0x0000000088600000, 0x0000000088700000, 0x0000000088700000|100%| O|  |TAMS 0x0000000088600000, 0x0000000088600000| Untracked 
| 135|0x0000000088700000, 0x0000000088800000, 0x0000000088800000|100%| O|  |TAMS 0x0000000088700000, 0x0000000088700000| Untracked 
| 136|0x0000000088800000, 0x0000000088900000, 0x0000000088900000|100%| O|  |TAMS 0x0000000088800000, 0x0000000088800000| Untracked 
| 137|0x0000000088900000, 0x0000000088a00000, 0x0000000088a00000|100%| O|  |TAMS 0x0000000088900000, 0x0000000088900000| Untracked 
| 138|0x0000000088a00000, 0x0000000088b00000, 0x0000000088b00000|100%| O|  |TAMS 0x0000000088a00000, 0x0000000088a00000| Untracked 
| 139|0x0000000088b00000, 0x0000000088c00000, 0x0000000088c00000|100%| O|  |TAMS 0x0000000088b00000, 0x0000000088b00000| Untracked 
| 140|0x0000000088c00000, 0x0000000088d00000, 0x0000000088d00000|100%| O|  |TAMS 0x0000000088c00000, 0x0000000088c00000| Untracked 
| 141|0x0000000088d00000, 0x0000000088e00000, 0x0000000088e00000|100%| O|  |TAMS 0x0000000088d00000, 0x0000000088d00000| Untracked 
| 142|0x0000000088e00000, 0x0000000088f00000, 0x0000000088f00000|100%| O|  |TAMS 0x0000000088e00000, 0x0000000088e00000| Untracked 
| 143|0x0000000088f00000, 0x0000000089000000, 0x0000000089000000|100%| O|  |TAMS 0x0000000088f00000, 0x0000000088f00000| Untracked 
| 144|0x0000000089000000, 0x0000000089100000, 0x0000000089100000|100%| O|  |TAMS 0x0000000089000000, 0x0000000089000000| Untracked 
| 145|0x0000000089100000, 0x0000000089200000, 0x0000000089200000|100%| O|  |TAMS 0x0000000089100000, 0x0000000089100000| Untracked 
| 146|0x0000000089200000, 0x0000000089300000, 0x0000000089300000|100%| O|  |TAMS 0x0000000089200000, 0x0000000089200000| Untracked 
| 147|0x0000000089300000, 0x0000000089400000, 0x0000000089400000|100%| O|  |TAMS 0x0000000089300000, 0x0000000089300000| Untracked 
| 148|0x0000000089400000, 0x0000000089500000, 0x0000000089500000|100%| O|  |TAMS 0x0000000089400000, 0x0000000089400000| Untracked 
| 149|0x0000000089500000, 0x0000000089600000, 0x0000000089600000|100%| O|  |TAMS 0x0000000089500000, 0x0000000089500000| Untracked 
| 150|0x0000000089600000, 0x0000000089700000, 0x0000000089700000|100%| O|  |TAMS 0x0000000089600000, 0x0000000089600000| Untracked 
| 151|0x0000000089700000, 0x0000000089800000, 0x0000000089800000|100%| O|  |TAMS 0x0000000089700000, 0x0000000089700000| Untracked 
| 152|0x0000000089800000, 0x0000000089900000, 0x0000000089900000|100%| O|  |TAMS 0x0000000089800000, 0x0000000089800000| Untracked 
| 153|0x0000000089900000, 0x0000000089a00000, 0x0000000089a00000|100%| O|  |TAMS 0x0000000089900000, 0x0000000089900000| Untracked 
| 154|0x0000000089a00000, 0x0000000089a14200, 0x0000000089b00000|  7%| O|  |TAMS 0x0000000089a00000, 0x0000000089a00000| Untracked 
| 155|0x0000000089b00000, 0x0000000089b00000, 0x0000000089c00000|  0%| F|  |TAMS 0x0000000089b00000, 0x0000000089b00000| Untracked 
| 156|0x0000000089c00000, 0x0000000089c00000, 0x0000000089d00000|  0%| F|  |TAMS 0x0000000089c00000, 0x0000000089c00000| Untracked 
| 157|0x0000000089d00000, 0x0000000089d00000, 0x0000000089e00000|  0%| F|  |TAMS 0x0000000089d00000, 0x0000000089d00000| Untracked 
| 158|0x0000000089e00000, 0x0000000089e00000, 0x0000000089f00000|  0%| F|  |TAMS 0x0000000089e00000, 0x0000000089e00000| Untracked 
| 159|0x0000000089f00000, 0x0000000089f00000, 0x000000008a000000|  0%| F|  |TAMS 0x0000000089f00000, 0x0000000089f00000| Untracked 
| 160|0x000000008a000000, 0x000000008a000000, 0x000000008a100000|  0%| F|  |TAMS 0x000000008a000000, 0x000000008a000000| Untracked 
| 161|0x000000008a100000, 0x000000008a100000, 0x000000008a200000|  0%| F|  |TAMS 0x000000008a100000, 0x000000008a100000| Untracked 
| 162|0x000000008a200000, 0x000000008a200000, 0x000000008a300000|  0%| F|  |TAMS 0x000000008a200000, 0x000000008a200000| Untracked 
| 163|0x000000008a300000, 0x000000008a300000, 0x000000008a400000|  0%| F|  |TAMS 0x000000008a300000, 0x000000008a300000| Untracked 
| 164|0x000000008a400000, 0x000000008a400000, 0x000000008a500000|  0%| F|  |TAMS 0x000000008a400000, 0x000000008a400000| Untracked 
| 165|0x000000008a500000, 0x000000008a500000, 0x000000008a600000|  0%| F|  |TAMS 0x000000008a500000, 0x000000008a500000| Untracked 
| 166|0x000000008a600000, 0x000000008a600000, 0x000000008a700000|  0%| F|  |TAMS 0x000000008a600000, 0x000000008a600000| Untracked 
| 167|0x000000008a700000, 0x000000008a700000, 0x000000008a800000|  0%| F|  |TAMS 0x000000008a700000, 0x000000008a700000| Untracked 
| 168|0x000000008a800000, 0x000000008a800000, 0x000000008a900000|  0%| F|  |TAMS 0x000000008a800000, 0x000000008a800000| Untracked 
| 169|0x000000008a900000, 0x000000008aa00000, 0x000000008aa00000|100%| O|  |TAMS 0x000000008a900000, 0x000000008a900000| Untracked 
| 170|0x000000008aa00000, 0x000000008ab00000, 0x000000008ab00000|100%| O|  |TAMS 0x000000008aa00000, 0x000000008aa00000| Untracked 
| 171|0x000000008ab00000, 0x000000008ac00000, 0x000000008ac00000|100%| O|  |TAMS 0x000000008ab00000, 0x000000008ab00000| Untracked 
| 172|0x000000008ac00000, 0x000000008ad00000, 0x000000008ad00000|100%| O|  |TAMS 0x000000008ac00000, 0x000000008ac00000| Untracked 
| 173|0x000000008ad00000, 0x000000008ae00000, 0x000000008ae00000|100%| O|  |TAMS 0x000000008ad00000, 0x000000008ad00000| Untracked 
| 174|0x000000008ae00000, 0x000000008af00000, 0x000000008af00000|100%| O|  |TAMS 0x000000008ae00000, 0x000000008ae00000| Untracked 
| 175|0x000000008af00000, 0x000000008b000000, 0x000000008b000000|100%| O|  |TAMS 0x000000008af00000, 0x000000008af00000| Untracked 
| 176|0x000000008b000000, 0x000000008b000000, 0x000000008b100000|  0%| F|  |TAMS 0x000000008b000000, 0x000000008b000000| Untracked 
| 177|0x000000008b100000, 0x000000008b100000, 0x000000008b200000|  0%| F|  |TAMS 0x000000008b100000, 0x000000008b100000| Untracked 
| 178|0x000000008b200000, 0x000000008b200000, 0x000000008b300000|  0%| F|  |TAMS 0x000000008b200000, 0x000000008b200000| Untracked 
| 179|0x000000008b300000, 0x000000008b300000, 0x000000008b400000|  0%| F|  |TAMS 0x000000008b300000, 0x000000008b300000| Untracked 
| 180|0x000000008b400000, 0x000000008b400000, 0x000000008b500000|  0%| F|  |TAMS 0x000000008b400000, 0x000000008b400000| Untracked 
| 181|0x000000008b500000, 0x000000008b500000, 0x000000008b600000|  0%| F|  |TAMS 0x000000008b500000, 0x000000008b500000| Untracked 
| 182|0x000000008b600000, 0x000000008b600000, 0x000000008b700000|  0%| F|  |TAMS 0x000000008b600000, 0x000000008b600000| Untracked 
| 183|0x000000008b700000, 0x000000008b700000, 0x000000008b800000|  0%| F|  |TAMS 0x000000008b700000, 0x000000008b700000| Untracked 
| 184|0x000000008b800000, 0x000000008b800000, 0x000000008b900000|  0%| F|  |TAMS 0x000000008b800000, 0x000000008b800000| Untracked 
| 185|0x000000008b900000, 0x000000008b900000, 0x000000008ba00000|  0%| F|  |TAMS 0x000000008b900000, 0x000000008b900000| Untracked 
| 186|0x000000008ba00000, 0x000000008ba00000, 0x000000008bb00000|  0%| F|  |TAMS 0x000000008ba00000, 0x000000008ba00000| Untracked 
| 187|0x000000008bb00000, 0x000000008bb00000, 0x000000008bc00000|  0%| F|  |TAMS 0x000000008bb00000, 0x000000008bb00000| Untracked 
| 188|0x000000008bc00000, 0x000000008bc00000, 0x000000008bd00000|  0%| F|  |TAMS 0x000000008bc00000, 0x000000008bc00000| Untracked 
| 189|0x000000008bd00000, 0x000000008bd00000, 0x000000008be00000|  0%| F|  |TAMS 0x000000008bd00000, 0x000000008bd00000| Untracked 
| 190|0x000000008be00000, 0x000000008be00000, 0x000000008bf00000|  0%| F|  |TAMS 0x000000008be00000, 0x000000008be00000| Untracked 
| 191|0x000000008bf00000, 0x000000008bf00000, 0x000000008c000000|  0%| F|  |TAMS 0x000000008bf00000, 0x000000008bf00000| Untracked 
| 192|0x000000008c000000, 0x000000008c000000, 0x000000008c100000|  0%| F|  |TAMS 0x000000008c000000, 0x000000008c000000| Untracked 
| 193|0x000000008c100000, 0x000000008c100000, 0x000000008c200000|  0%| F|  |TAMS 0x000000008c100000, 0x000000008c100000| Untracked 
| 194|0x000000008c200000, 0x000000008c200000, 0x000000008c300000|  0%| F|  |TAMS 0x000000008c200000, 0x000000008c200000| Untracked 
| 195|0x000000008c300000, 0x000000008c300000, 0x000000008c400000|  0%| F|  |TAMS 0x000000008c300000, 0x000000008c300000| Untracked 
| 196|0x000000008c400000, 0x000000008c400000, 0x000000008c500000|  0%| F|  |TAMS 0x000000008c400000, 0x000000008c400000| Untracked 
| 197|0x000000008c500000, 0x000000008c500000, 0x000000008c600000|  0%| F|  |TAMS 0x000000008c500000, 0x000000008c500000| Untracked 
| 198|0x000000008c600000, 0x000000008c600000, 0x000000008c700000|  0%| F|  |TAMS 0x000000008c600000, 0x000000008c600000| Untracked 
| 199|0x000000008c700000, 0x000000008c700000, 0x000000008c800000|  0%| F|  |TAMS 0x000000008c700000, 0x000000008c700000| Untracked 
| 200|0x000000008c800000, 0x000000008c800000, 0x000000008c900000|  0%| F|  |TAMS 0x000000008c800000, 0x000000008c800000| Untracked 
| 201|0x000000008c900000, 0x000000008c900000, 0x000000008ca00000|  0%| F|  |TAMS 0x000000008c900000, 0x000000008c900000| Untracked 
| 202|0x000000008ca00000, 0x000000008cb00000, 0x000000008cb00000|100%| S|CS|TAMS 0x000000008ca00000, 0x000000008ca00000| Complete 
| 203|0x000000008cb00000, 0x000000008cc00000, 0x000000008cc00000|100%| S|CS|TAMS 0x000000008cb00000, 0x000000008cb00000| Complete 
| 204|0x000000008cc00000, 0x000000008cd00000, 0x000000008cd00000|100%| S|CS|TAMS 0x000000008cc00000, 0x000000008cc00000| Complete 
| 205|0x000000008cd00000, 0x000000008ce00000, 0x000000008ce00000|100%| S|CS|TAMS 0x000000008cd00000, 0x000000008cd00000| Complete 
| 206|0x000000008ce00000, 0x000000008cf00000, 0x000000008cf00000|100%| S|CS|TAMS 0x000000008ce00000, 0x000000008ce00000| Complete 
| 207|0x000000008cf00000, 0x000000008d000000, 0x000000008d000000|100%| S|CS|TAMS 0x000000008cf00000, 0x000000008cf00000| Complete 
| 208|0x000000008d000000, 0x000000008d000000, 0x000000008d100000|  0%| F|  |TAMS 0x000000008d000000, 0x000000008d000000| Untracked 
| 209|0x000000008d100000, 0x000000008d100000, 0x000000008d200000|  0%| F|  |TAMS 0x000000008d100000, 0x000000008d100000| Untracked 
| 210|0x000000008d200000, 0x000000008d200000, 0x000000008d300000|  0%| F|  |TAMS 0x000000008d200000, 0x000000008d200000| Untracked 
| 211|0x000000008d300000, 0x000000008d300000, 0x000000008d400000|  0%| F|  |TAMS 0x000000008d300000, 0x000000008d300000| Untracked 
| 212|0x000000008d400000, 0x000000008d400000, 0x000000008d500000|  0%| F|  |TAMS 0x000000008d400000, 0x000000008d400000| Untracked 
| 213|0x000000008d500000, 0x000000008d600000, 0x000000008d600000|100%| S|CS|TAMS 0x000000008d500000, 0x000000008d500000| Complete 
| 214|0x000000008d600000, 0x000000008d700000, 0x000000008d700000|100%| S|CS|TAMS 0x000000008d600000, 0x000000008d600000| Complete 
| 215|0x000000008d700000, 0x000000008d800000, 0x000000008d800000|100%| S|CS|TAMS 0x000000008d700000, 0x000000008d700000| Complete 
| 216|0x000000008d800000, 0x000000008d800000, 0x000000008d900000|  0%| F|  |TAMS 0x000000008d800000, 0x000000008d800000| Untracked 
| 217|0x000000008d900000, 0x000000008d900000, 0x000000008da00000|  0%| F|  |TAMS 0x000000008d900000, 0x000000008d900000| Untracked 
| 218|0x000000008da00000, 0x000000008da00000, 0x000000008db00000|  0%| F|  |TAMS 0x000000008da00000, 0x000000008da00000| Untracked 
| 219|0x000000008db00000, 0x000000008db00000, 0x000000008dc00000|  0%| F|  |TAMS 0x000000008db00000, 0x000000008db00000| Untracked 
| 220|0x000000008dc00000, 0x000000008dc00000, 0x000000008dd00000|  0%| F|  |TAMS 0x000000008dc00000, 0x000000008dc00000| Untracked 
| 221|0x000000008dd00000, 0x000000008dd00000, 0x000000008de00000|  0%| F|  |TAMS 0x000000008dd00000, 0x000000008dd00000| Untracked 
| 222|0x000000008de00000, 0x000000008de00000, 0x000000008df00000|  0%| F|  |TAMS 0x000000008de00000, 0x000000008de00000| Untracked 
| 223|0x000000008df00000, 0x000000008df00000, 0x000000008e000000|  0%| F|  |TAMS 0x000000008df00000, 0x000000008df00000| Untracked 
| 224|0x000000008e000000, 0x000000008e000000, 0x000000008e100000|  0%| F|  |TAMS 0x000000008e000000, 0x000000008e000000| Untracked 
| 225|0x000000008e100000, 0x000000008e100000, 0x000000008e200000|  0%| F|  |TAMS 0x000000008e100000, 0x000000008e100000| Untracked 
| 226|0x000000008e200000, 0x000000008e300000, 0x000000008e300000|100%| E|  |TAMS 0x000000008e200000, 0x000000008e200000| Complete 
| 227|0x000000008e300000, 0x000000008e400000, 0x000000008e400000|100%| E|CS|TAMS 0x000000008e300000, 0x000000008e300000| Complete 
| 228|0x000000008e400000, 0x000000008e500000, 0x000000008e500000|100%| E|CS|TAMS 0x000000008e400000, 0x000000008e400000| Complete 
| 229|0x000000008e500000, 0x000000008e600000, 0x000000008e600000|100%| E|CS|TAMS 0x000000008e500000, 0x000000008e500000| Complete 
| 230|0x000000008e600000, 0x000000008e700000, 0x000000008e700000|100%| E|CS|TAMS 0x000000008e600000, 0x000000008e600000| Complete 
| 231|0x000000008e700000, 0x000000008e800000, 0x000000008e800000|100%| E|CS|TAMS 0x000000008e700000, 0x000000008e700000| Complete 
| 232|0x000000008e800000, 0x000000008e900000, 0x000000008e900000|100%| E|CS|TAMS 0x000000008e800000, 0x000000008e800000| Complete 
| 233|0x000000008e900000, 0x000000008ea00000, 0x000000008ea00000|100%| E|CS|TAMS 0x000000008e900000, 0x000000008e900000| Complete 
| 234|0x000000008ea00000, 0x000000008eb00000, 0x000000008eb00000|100%| E|CS|TAMS 0x000000008ea00000, 0x000000008ea00000| Complete 
| 235|0x000000008eb00000, 0x000000008ec00000, 0x000000008ec00000|100%| E|CS|TAMS 0x000000008eb00000, 0x000000008eb00000| Complete 
| 236|0x000000008ec00000, 0x000000008ecfffe8, 0x000000008ed00000| 99%| E|  |TAMS 0x000000008ec00000, 0x000000008ec00000| Complete 
| 237|0x000000008ed00000, 0x000000008ee00000, 0x000000008ee00000|100%| E|CS|TAMS 0x000000008ed00000, 0x000000008ed00000| Complete 
| 238|0x000000008ee00000, 0x000000008ef00000, 0x000000008ef00000|100%| E|CS|TAMS 0x000000008ee00000, 0x000000008ee00000| Complete 
| 239|0x000000008ef00000, 0x000000008f000000, 0x000000008f000000|100%| E|CS|TAMS 0x000000008ef00000, 0x000000008ef00000| Complete 
| 240|0x000000008f000000, 0x000000008f100000, 0x000000008f100000|100%| E|CS|TAMS 0x000000008f000000, 0x000000008f000000| Complete 
| 241|0x000000008f100000, 0x000000008f200000, 0x000000008f200000|100%| E|CS|TAMS 0x000000008f100000, 0x000000008f100000| Complete 
| 242|0x000000008f200000, 0x000000008f300000, 0x000000008f300000|100%| E|CS|TAMS 0x000000008f200000, 0x000000008f200000| Complete 
| 243|0x000000008f300000, 0x000000008f400000, 0x000000008f400000|100%| E|CS|TAMS 0x000000008f300000, 0x000000008f300000| Complete 
| 244|0x000000008f400000, 0x000000008f500000, 0x000000008f500000|100%| E|CS|TAMS 0x000000008f400000, 0x000000008f400000| Complete 
| 245|0x000000008f500000, 0x000000008f600000, 0x000000008f600000|100%| E|CS|TAMS 0x000000008f500000, 0x000000008f500000| Complete 
| 246|0x000000008f600000, 0x000000008f700000, 0x000000008f700000|100%| E|CS|TAMS 0x000000008f600000, 0x000000008f600000| Complete 
| 247|0x000000008f700000, 0x000000008f800000, 0x000000008f800000|100%| E|CS|TAMS 0x000000008f700000, 0x000000008f700000| Complete 
| 248|0x000000008f800000, 0x000000008f900000, 0x000000008f900000|100%| E|CS|TAMS 0x000000008f800000, 0x000000008f800000| Complete 
| 249|0x000000008f900000, 0x000000008fa00000, 0x000000008fa00000|100%| E|CS|TAMS 0x000000008f900000, 0x000000008f900000| Complete 
| 250|0x000000008fa00000, 0x000000008fb00000, 0x000000008fb00000|100%| E|CS|TAMS 0x000000008fa00000, 0x000000008fa00000| Complete 
| 251|0x000000008fb00000, 0x000000008fc00000, 0x000000008fc00000|100%| E|CS|TAMS 0x000000008fb00000, 0x000000008fb00000| Complete 
| 252|0x000000008fc00000, 0x000000008fd00000, 0x000000008fd00000|100%| E|CS|TAMS 0x000000008fc00000, 0x000000008fc00000| Complete 
| 253|0x000000008fd00000, 0x000000008fe00000, 0x000000008fe00000|100%| E|CS|TAMS 0x000000008fd00000, 0x000000008fd00000| Complete 
| 254|0x000000008fe00000, 0x000000008ff00000, 0x000000008ff00000|100%| E|CS|TAMS 0x000000008fe00000, 0x000000008fe00000| Complete 
| 255|0x000000008ff00000, 0x0000000090000000, 0x0000000090000000|100%| E|CS|TAMS 0x000000008ff00000, 0x000000008ff00000| Complete 
| 256|0x0000000090000000, 0x0000000090100000, 0x0000000090100000|100%| E|CS|TAMS 0x0000000090000000, 0x0000000090000000| Complete 
| 257|0x0000000090100000, 0x0000000090200000, 0x0000000090200000|100%| E|CS|TAMS 0x0000000090100000, 0x0000000090100000| Complete 
| 258|0x0000000090200000, 0x0000000090300000, 0x0000000090300000|100%| E|CS|TAMS 0x0000000090200000, 0x0000000090200000| Complete 
| 259|0x0000000090300000, 0x0000000090400000, 0x0000000090400000|100%| E|CS|TAMS 0x0000000090300000, 0x0000000090300000| Complete 
| 260|0x0000000090400000, 0x0000000090500000, 0x0000000090500000|100%| E|CS|TAMS 0x0000000090400000, 0x0000000090400000| Complete 
| 261|0x0000000090500000, 0x0000000090600000, 0x0000000090600000|100%| E|CS|TAMS 0x0000000090500000, 0x0000000090500000| Complete 
| 262|0x0000000090600000, 0x0000000090700000, 0x0000000090700000|100%| E|CS|TAMS 0x0000000090600000, 0x0000000090600000| Complete 
| 263|0x0000000090700000, 0x0000000090800000, 0x0000000090800000|100%| E|CS|TAMS 0x0000000090700000, 0x0000000090700000| Complete 
| 264|0x0000000090800000, 0x0000000090900000, 0x0000000090900000|100%| E|CS|TAMS 0x0000000090800000, 0x0000000090800000| Complete 
| 265|0x0000000090900000, 0x0000000090a00000, 0x0000000090a00000|100%| E|CS|TAMS 0x0000000090900000, 0x0000000090900000| Complete 
| 266|0x0000000090a00000, 0x0000000090b00000, 0x0000000090b00000|100%| E|CS|TAMS 0x0000000090a00000, 0x0000000090a00000| Complete 
| 267|0x0000000090b00000, 0x0000000090c00000, 0x0000000090c00000|100%| E|CS|TAMS 0x0000000090b00000, 0x0000000090b00000| Complete 
| 268|0x0000000090c00000, 0x0000000090d00000, 0x0000000090d00000|100%| E|CS|TAMS 0x0000000090c00000, 0x0000000090c00000| Complete 
| 269|0x0000000090d00000, 0x0000000090e00000, 0x0000000090e00000|100%| E|CS|TAMS 0x0000000090d00000, 0x0000000090d00000| Complete 
| 270|0x0000000090e00000, 0x0000000090f00000, 0x0000000090f00000|100%| E|CS|TAMS 0x0000000090e00000, 0x0000000090e00000| Complete 
| 271|0x0000000090f00000, 0x0000000091000000, 0x0000000091000000|100%| E|CS|TAMS 0x0000000090f00000, 0x0000000090f00000| Complete 
| 272|0x0000000091000000, 0x0000000091100000, 0x0000000091100000|100%| E|CS|TAMS 0x0000000091000000, 0x0000000091000000| Complete 
| 273|0x0000000091100000, 0x0000000091200000, 0x0000000091200000|100%| E|CS|TAMS 0x0000000091100000, 0x0000000091100000| Complete 
| 274|0x0000000091200000, 0x0000000091300000, 0x0000000091300000|100%| E|CS|TAMS 0x0000000091200000, 0x0000000091200000| Complete 
| 275|0x0000000091300000, 0x0000000091400000, 0x0000000091400000|100%| E|CS|TAMS 0x0000000091300000, 0x0000000091300000| Complete 
| 276|0x0000000091400000, 0x0000000091500000, 0x0000000091500000|100%| E|CS|TAMS 0x0000000091400000, 0x0000000091400000| Complete 
| 277|0x0000000091500000, 0x0000000091600000, 0x0000000091600000|100%| E|CS|TAMS 0x0000000091500000, 0x0000000091500000| Complete 
| 278|0x0000000091600000, 0x0000000091700000, 0x0000000091700000|100%| E|CS|TAMS 0x0000000091600000, 0x0000000091600000| Complete 
|2046|0x00000000ffe00000, 0x00000000fff00000, 0x00000000fff00000|100%| O|  |TAMS 0x00000000ffe00000, 0x00000000ffe00000| Untracked 
|2047|0x00000000fff00000, 0x0000000100000000, 0x0000000100000000|100%| O|  |TAMS 0x00000000fff00000, 0x00000000fff00000| Untracked 

Card table byte_map: [0x000002b3ff480000,0x000002b3ff880000] _byte_map_base: 0x000002b3ff080000

Marking Bits (Prev, Next): (CMBitMap*) 0x000002b3f7820800, (CMBitMap*) 0x000002b3f78207c0
 Prev Bits: [0x000002b391000000, 0x000002b393000000)
 Next Bits: [0x000002b38f000000, 0x000002b391000000)

Polling page: 0x000002b3f5670000

Metaspace:

Usage:
  Non-class:     88.50 MB used.
      Class:     13.76 MB used.
       Both:    102.25 MB used.

Virtual space:
  Non-class space:      128.00 MB reserved,      88.88 MB ( 69%) committed,  2 nodes.
      Class space:        1.00 GB reserved,      14.12 MB (  1%) committed,  1 nodes.
             Both:        1.12 GB reserved,     103.00 MB (  9%) committed. 

Chunk freelists:
   Non-Class:  6.87 MB
       Class:  1.92 MB
        Both:  8.79 MB

MaxMetaspaceSize: unlimited
CompressedClassSpaceSize: 1.00 GB
Initial GC threshold: 21.00 MB
Current GC threshold: 151.88 MB
CDS: on
MetaspaceReclaimPolicy: balanced
 - commit_granule_bytes: 65536.
 - commit_granule_words: 8192.
 - virtual_space_node_default_size: 8388608.
 - enlarge_chunks_in_place: 1.
 - new_chunks_are_fully_committed: 0.
 - uncommit_free_chunks: 1.
 - use_allocation_guard: 0.
 - handle_deallocations: 1.


Internal statistics:

num_allocs_failed_limit: 12.
num_arena_births: 1068.
num_arena_deaths: 0.
num_vsnodes_births: 3.
num_vsnodes_deaths: 0.
num_space_committed: 1646.
num_space_uncommitted: 0.
num_chunks_returned_to_freelist: 12.
num_chunks_taken_from_freelist: 5257.
num_chunk_merges: 9.
num_chunk_splits: 3559.
num_chunks_enlarged: 2477.
num_inconsistent_stats: 0.

CodeHeap 'non-profiled nmethods': size=120000Kb used=8991Kb max_used=9393Kb free=111008Kb
 bounds [0x000002b387ad0000, 0x000002b388410000, 0x000002b38f000000]
CodeHeap 'profiled nmethods': size=120000Kb used=25800Kb max_used=27846Kb free=94199Kb
 bounds [0x000002b380000000, 0x000002b381b50000, 0x000002b387530000]
CodeHeap 'non-nmethods': size=5760Kb used=1740Kb max_used=1808Kb free=4020Kb
 bounds [0x000002b387530000, 0x000002b3877a0000, 0x000002b387ad0000]
 total_blobs=13961 nmethods=13121 adapters=752
 compilation: enabled
              stopped_count=0, restarted_count=0
 full_count=0

Compilation events (20 events):
Event: 98.417 Thread 0x000002b395190e80 16149       3       com.apollographql.apollo3.relocated.com.squareup.kotlinpoet.TypeName::equals (41 bytes)
Event: 98.418 Thread 0x000002b395190e80 nmethod 16149 0x000002b3803c1890 code [0x000002b3803c1ac0, 0x000002b3803c22f8]
Event: 98.418 Thread 0x000002b395190e80 16151       3       com.apollographql.apollo3.relocated.com.squareup.kotlinpoet.UtilKt::toImmutableSet (24 bytes)
Event: 98.420 Thread 0x000002b395190e80 nmethod 16151 0x000002b381740010 code [0x000002b381740380, 0x000002b381741648]
Event: 98.423 Thread 0x000002b395190e80 16152       3       com.apollographql.apollo3.relocated.com.squareup.kotlinpoet.ClassName::getPackageName (14 bytes)
Event: 98.424 Thread 0x000002b395190e80 nmethod 16152 0x000002b3809e6f90 code [0x000002b3809e7140, 0x000002b3809e7408]
Event: 98.595 Thread 0x000002b39518b020 nmethod 16123 0x000002b387f24390 code [0x000002b387f246a0, 0x000002b387f26fd0]
Event: 98.595 Thread 0x000002b39518b020 16146       4       com.apollographql.apollo3.relocated.kotlin.text.StringsKt__StringsKt::split$StringsKt__StringsKt (200 bytes)
Event: 98.740 Thread 0x000002b39518b020 nmethod 16146 0x000002b3882e4690 code [0x000002b3882e4940, 0x000002b3882e80f8]
Event: 98.740 Thread 0x000002b39518b020 16153       4       java.util.concurrent.locks.ReentrantLock$NonfairSync::tryAcquire (27 bytes)
Event: 98.742 Thread 0x000002b39518b020 nmethod 16153 0x000002b388155e10 code [0x000002b388155f80, 0x000002b388156118]
Event: 99.063 Thread 0x000002b3dfb1f4c0 nmethod 16145 0x000002b3883fc790 code [0x000002b3883fcfa0, 0x000002b388404f58]
Event: 101.221 Thread 0x000002b3dfb1f4c0 16154       4       java.util.ComparableTimSort::binarySort (223 bytes)
Event: 101.239 Thread 0x000002b3dfb1f4c0 nmethod 16154 0x000002b38801f510 code [0x000002b38801f6c0, 0x000002b388020078]
Event: 103.352 Thread 0x000002b39518b020 16155       4       org.gradle.internal.logging.text.AbstractLineChoppingStyledTextOutput$StateContext::hasChar (25 bytes)
Event: 103.353 Thread 0x000002b39518b020 nmethod 16155 0x000002b387dd5a90 code [0x000002b387dd5c00, 0x000002b387dd5cb8]
Event: 103.353 Thread 0x000002b39518b020 16156       4       org.gradle.internal.logging.text.AbstractLineChoppingStyledTextOutput::access$900 (4 bytes)
Event: 103.354 Thread 0x000002b39518b020 nmethod 16156 0x000002b38814d710 code [0x000002b38814d880, 0x000002b38814d8d8]
Event: 103.364 Thread 0x000002b395190e80 16157       1       java.nio.DirectByteBuffer::isReadOnly (2 bytes)
Event: 103.364 Thread 0x000002b395190e80 nmethod 16157 0x000002b388204e10 code [0x000002b388204fa0, 0x000002b388205078]

GC Heap History (20 events):
Event: 82.105 GC heap before
{Heap before GC invocations=51 (full 0):
 garbage-first heap   total 193536K, used 126295K [0x0000000080000000, 0x0000000100000000)
  region size 1024K, 18 young (18432K), 1 survivors (1024K)
 Metaspace       used 92307K, committed 92992K, reserved 1179648K
  class space    used 12804K, committed 13184K, reserved 1048576K
}
Event: 82.113 GC heap after
{Heap after GC invocations=52 (full 0):
 garbage-first heap   total 193536K, used 111171K [0x0000000080000000, 0x0000000100000000)
  region size 1024K, 3 young (3072K), 3 survivors (3072K)
 Metaspace       used 92307K, committed 92992K, reserved 1179648K
  class space    used 12804K, committed 13184K, reserved 1048576K
}
Event: 82.447 GC heap before
{Heap before GC invocations=52 (full 0):
 garbage-first heap   total 193536K, used 117315K [0x0000000080000000, 0x0000000100000000)
  region size 1024K, 9 young (9216K), 3 survivors (3072K)
 Metaspace       used 92377K, committed 93120K, reserved 1179648K
  class space    used 12804K, committed 13184K, reserved 1048576K
}
Event: 82.456 GC heap after
{Heap after GC invocations=53 (full 0):
 garbage-first heap   total 193536K, used 110211K [0x0000000080000000, 0x0000000100000000)
  region size 1024K, 1 young (1024K), 1 survivors (1024K)
 Metaspace       used 92377K, committed 93120K, reserved 1179648K
  class space    used 12804K, committed 13184K, reserved 1048576K
}
Event: 84.763 GC heap before
{Heap before GC invocations=53 (full 0):
 garbage-first heap   total 193536K, used 170627K [0x0000000080000000, 0x0000000100000000)
  region size 1024K, 51 young (52224K), 1 survivors (1024K)
 Metaspace       used 92581K, committed 93248K, reserved 1179648K
  class space    used 12804K, committed 13184K, reserved 1048576K
}
Event: 84.798 GC heap after
{Heap after GC invocations=54 (full 0):
 garbage-first heap   total 195584K, used 135019K [0x0000000080000000, 0x0000000100000000)
  region size 1024K, 7 young (7168K), 7 survivors (7168K)
 Metaspace       used 92581K, committed 93248K, reserved 1179648K
  class space    used 12804K, committed 13184K, reserved 1048576K
}
Event: 85.683 GC heap before
{Heap before GC invocations=55 (full 0):
 garbage-first heap   total 239616K, used 154475K [0x0000000080000000, 0x0000000100000000)
  region size 1024K, 26 young (26624K), 7 survivors (7168K)
 Metaspace       used 92827K, committed 93504K, reserved 1179648K
  class space    used 12826K, committed 13184K, reserved 1048576K
}
Event: 85.705 GC heap after
{Heap after GC invocations=56 (full 0):
 garbage-first heap   total 239616K, used 143611K [0x0000000080000000, 0x0000000100000000)
  region size 1024K, 4 young (4096K), 4 survivors (4096K)
 Metaspace       used 92827K, committed 93504K, reserved 1179648K
  class space    used 12826K, committed 13184K, reserved 1048576K
}
Event: 85.934 GC heap before
{Heap before GC invocations=56 (full 0):
 garbage-first heap   total 239616K, used 150779K [0x0000000080000000, 0x0000000100000000)
  region size 1024K, 11 young (11264K), 4 survivors (4096K)
 Metaspace       used 92947K, committed 93632K, reserved 1179648K
  class space    used 12837K, committed 13184K, reserved 1048576K
}
Event: 85.946 GC heap after
{Heap after GC invocations=57 (full 0):
 garbage-first heap   total 287744K, used 145408K [0x0000000080000000, 0x0000000100000000)
  region size 1024K, 1 young (1024K), 1 survivors (1024K)
 Metaspace       used 92947K, committed 93632K, reserved 1179648K
  class space    used 12837K, committed 13184K, reserved 1048576K
}
Event: 90.145 GC heap before
{Heap before GC invocations=57 (full 0):
 garbage-first heap   total 287744K, used 217088K [0x0000000080000000, 0x0000000100000000)
  region size 1024K, 63 young (64512K), 1 survivors (1024K)
 Metaspace       used 95886K, committed 96640K, reserved 1179648K
  class space    used 13183K, committed 13568K, reserved 1048576K
}
Event: 90.173 GC heap after
{Heap after GC invocations=58 (full 0):
 garbage-first heap   total 287744K, used 153598K [0x0000000080000000, 0x0000000100000000)
  region size 1024K, 8 young (8192K), 8 survivors (8192K)
 Metaspace       used 95886K, committed 96640K, reserved 1179648K
  class space    used 13183K, committed 13568K, reserved 1048576K
}
Event: 93.136 GC heap before
{Heap before GC invocations=58 (full 0):
 garbage-first heap   total 287744K, used 243710K [0x0000000080000000, 0x0000000100000000)
  region size 1024K, 69 young (70656K), 8 survivors (8192K)
 Metaspace       used 96488K, committed 97280K, reserved 1179648K
  class space    used 13222K, committed 13632K, reserved 1048576K
}
Event: 93.160 GC heap after
{Heap after GC invocations=59 (full 0):
 garbage-first heap   total 287744K, used 161405K [0x0000000080000000, 0x0000000100000000)
  region size 1024K, 8 young (8192K), 8 survivors (8192K)
 Metaspace       used 96488K, committed 97280K, reserved 1179648K
  class space    used 13222K, committed 13632K, reserved 1048576K
}
Event: 94.732 GC heap before
{Heap before GC invocations=59 (full 0):
 garbage-first heap   total 287744K, used 220797K [0x0000000080000000, 0x0000000100000000)
  region size 1024K, 67 young (68608K), 8 survivors (8192K)
 Metaspace       used 99872K, committed 100608K, reserved 1179648K
  class space    used 13494K, committed 13888K, reserved 1048576K
}
Event: 94.746 GC heap after
{Heap after GC invocations=60 (full 0):
 garbage-first heap   total 287744K, used 166145K [0x0000000080000000, 0x0000000100000000)
  region size 1024K, 5 young (5120K), 5 survivors (5120K)
 Metaspace       used 99872K, committed 100608K, reserved 1179648K
  class space    used 13494K, committed 13888K, reserved 1048576K
}
Event: 95.938 GC heap before
{Heap before GC invocations=60 (full 0):
 garbage-first heap   total 287744K, used 225537K [0x0000000080000000, 0x0000000100000000)
  region size 1024K, 64 young (65536K), 5 survivors (5120K)
 Metaspace       used 101215K, committed 101952K, reserved 1179648K
  class space    used 13684K, committed 14016K, reserved 1048576K
}
Event: 95.950 GC heap after
{Heap after GC invocations=61 (full 0):
 garbage-first heap   total 287744K, used 168566K [0x0000000080000000, 0x0000000100000000)
  region size 1024K, 7 young (7168K), 7 survivors (7168K)
 Metaspace       used 101215K, committed 101952K, reserved 1179648K
  class space    used 13684K, committed 14016K, reserved 1048576K
}
Event: 96.961 GC heap before
{Heap before GC invocations=61 (full 0):
 garbage-first heap   total 287744K, used 230006K [0x0000000080000000, 0x0000000100000000)
  region size 1024K, 68 young (69632K), 7 survivors (7168K)
 Metaspace       used 103089K, committed 103808K, reserved 1179648K
  class space    used 13930K, committed 14272K, reserved 1048576K
}
Event: 96.979 GC heap after
{Heap after GC invocations=62 (full 0):
 garbage-first heap   total 287744K, used 176208K [0x0000000080000000, 0x0000000100000000)
  region size 1024K, 9 young (9216K), 9 survivors (9216K)
 Metaspace       used 103089K, committed 103808K, reserved 1179648K
  class space    used 13930K, committed 14272K, reserved 1048576K
}

Deoptimization events (20 events):
Event: 98.391 Thread 0x000002b3ddea05b0 Uncommon trap: trap_request=0xffffff45 fr.pc=0x000002b3883f6ce0 relative=0x00000000000001c0
Event: 98.391 Thread 0x000002b3ddea05b0 Uncommon trap: reason=unstable_if action=reinterpret pc=0x000002b3883f6ce0 method=java.lang.String.valueOf(C)Ljava/lang/String; @ 10 c2
Event: 98.391 Thread 0x000002b3ddea05b0 DEOPT PACKING pc=0x000002b3883f6ce0 sp=0x000000e6a1cf8d90
Event: 98.391 Thread 0x000002b3ddea05b0 DEOPT UNPACKING pc=0x000002b38758239d sp=0x000000e6a1cf8d48 mode 2
Event: 103.352 Thread 0x000002b3dde9ce00 Uncommon trap: trap_request=0xffffff45 fr.pc=0x000002b387f30c1c relative=0x000000000000007c
Event: 103.352 Thread 0x000002b3dde9ce00 Uncommon trap: reason=unstable_if action=reinterpret pc=0x000002b387f30c1c method=org.gradle.internal.logging.slf4j.OutputEventListenerBackedLogger.isLevelAtMost(Lorg/gradle/api/logging/LogLevel;)Z @ 11 c2
Event: 103.352 Thread 0x000002b3dde9ce00 DEOPT PACKING pc=0x000002b387f30c1c sp=0x000000e6a54f71e0
Event: 103.352 Thread 0x000002b3dde9ce00 DEOPT UNPACKING pc=0x000002b38758239d sp=0x000000e6a54f7180 mode 2
Event: 103.352 Thread 0x000002b3dde9ce00 Uncommon trap: trap_request=0xffffffc6 fr.pc=0x000002b387dc1630 relative=0x00000000000001d0
Event: 103.352 Thread 0x000002b3dde9ce00 Uncommon trap: reason=bimorphic_or_optimized_type_check action=maybe_recompile pc=0x000002b387dc1630 method=org.gradle.internal.logging.sink.OutputEventRenderer.onOutput(Lorg/gradle/internal/logging/events/OutputEvent;)V @ 1 c2
Event: 103.352 Thread 0x000002b3dde9ce00 DEOPT PACKING pc=0x000002b387dc1630 sp=0x000000e6a54f7170
Event: 103.352 Thread 0x000002b3dde9ce00 DEOPT UNPACKING pc=0x000002b38758239d sp=0x000000e6a54f70b0 mode 2
Event: 103.363 Thread 0x000002b3db1d4e20 Uncommon trap: trap_request=0xffffffde fr.pc=0x000002b38817a5e0 relative=0x0000000000000620
Event: 103.363 Thread 0x000002b3db1d4e20 Uncommon trap: reason=class_check action=maybe_recompile pc=0x000002b38817a5e0 method=java.io.ObjectOutputStream$BlockDataOutputStream.drain()V @ 36 c2
Event: 103.363 Thread 0x000002b3db1d4e20 DEOPT PACKING pc=0x000002b38817a5e0 sp=0x000000e6a3afeb90
Event: 103.363 Thread 0x000002b3db1d4e20 DEOPT UNPACKING pc=0x000002b38758239d sp=0x000000e6a3afeb28 mode 2
Event: 103.364 Thread 0x000002b3db1d4e20 Uncommon trap: trap_request=0xffffffde fr.pc=0x000002b3882b3200 relative=0x0000000000003ec0
Event: 103.364 Thread 0x000002b3db1d4e20 Uncommon trap: reason=class_check action=maybe_recompile pc=0x000002b3882b3200 method=java.io.ObjectOutputStream$BlockDataOutputStream.drain()V @ 36 c2
Event: 103.364 Thread 0x000002b3db1d4e20 DEOPT PACKING pc=0x000002b3882b3200 sp=0x000000e6a3afec30
Event: 103.364 Thread 0x000002b3db1d4e20 DEOPT UNPACKING pc=0x000002b38758239d sp=0x000000e6a3afeb20 mode 2

Classes unloaded (0 events):
No events

Classes redefined (0 events):
No events

Internal exceptions (20 events):
Event: 98.093 Thread 0x000002b3ddea05b0 Exception <a 'sun/nio/fs/WindowsException'{0x000000008ebb5b08}> (0x000000008ebb5b08) 
thrown [s\open\src\hotspot\share\prims\jni.cpp, line 516]
Event: 98.104 Thread 0x000002b3ddea05b0 Exception <a 'sun/nio/fs/WindowsException'{0x000000008ebd21f8}> (0x000000008ebd21f8) 
thrown [s\open\src\hotspot\share\prims\jni.cpp, line 516]
Event: 98.105 Thread 0x000002b3ddea05b0 Exception <a 'sun/nio/fs/WindowsException'{0x000000008ebd3338}> (0x000000008ebd3338) 
thrown [s\open\src\hotspot\share\prims\jni.cpp, line 516]
Event: 98.109 Thread 0x000002b3ddea05b0 Exception <a 'sun/nio/fs/WindowsException'{0x000000008ebeef78}> (0x000000008ebeef78) 
thrown [s\open\src\hotspot\share\prims\jni.cpp, line 516]
Event: 98.110 Thread 0x000002b3ddea05b0 Exception <a 'sun/nio/fs/WindowsException'{0x000000008ebf00b8}> (0x000000008ebf00b8) 
thrown [s\open\src\hotspot\share\prims\jni.cpp, line 516]
Event: 98.123 Thread 0x000002b3ddea05b0 Exception <a 'sun/nio/fs/WindowsException'{0x000000008ea0b8d8}> (0x000000008ea0b8d8) 
thrown [s\open\src\hotspot\share\prims\jni.cpp, line 516]
Event: 98.124 Thread 0x000002b3ddea05b0 Exception <a 'sun/nio/fs/WindowsException'{0x000000008ea0ca18}> (0x000000008ea0ca18) 
thrown [s\open\src\hotspot\share\prims\jni.cpp, line 516]
Event: 98.156 Thread 0x000002b3ddea05b0 Exception <a 'sun/nio/fs/WindowsException'{0x000000008ea300d0}> (0x000000008ea300d0) 
thrown [s\open\src\hotspot\share\prims\jni.cpp, line 516]
Event: 98.157 Thread 0x000002b3ddea05b0 Exception <a 'sun/nio/fs/WindowsException'{0x000000008ea31210}> (0x000000008ea31210) 
thrown [s\open\src\hotspot\share\prims\jni.cpp, line 516]
Event: 98.179 Thread 0x000002b3ddea05b0 Exception <a 'sun/nio/fs/WindowsException'{0x000000008ea4f550}> (0x000000008ea4f550) 
thrown [s\open\src\hotspot\share\prims\jni.cpp, line 516]
Event: 98.180 Thread 0x000002b3ddea05b0 Exception <a 'sun/nio/fs/WindowsException'{0x000000008ea50690}> (0x000000008ea50690) 
thrown [s\open\src\hotspot\share\prims\jni.cpp, line 516]
Event: 98.187 Thread 0x000002b3ddea05b0 Exception <a 'sun/nio/fs/WindowsException'{0x000000008eabf7b8}> (0x000000008eabf7b8) 
thrown [s\open\src\hotspot\share\prims\jni.cpp, line 516]
Event: 98.188 Thread 0x000002b3ddea05b0 Exception <a 'sun/nio/fs/WindowsException'{0x000000008eac08f8}> (0x000000008eac08f8) 
thrown [s\open\src\hotspot\share\prims\jni.cpp, line 516]
Event: 98.194 Thread 0x000002b3ddea05b0 Exception <a 'sun/nio/fs/WindowsException'{0x000000008eafc8b0}> (0x000000008eafc8b0) 
thrown [s\open\src\hotspot\share\prims\jni.cpp, line 516]
Event: 98.207 Thread 0x000002b3ddea05b0 Exception <a 'sun/nio/fs/WindowsException'{0x000000008e95af68}> (0x000000008e95af68) 
thrown [s\open\src\hotspot\share\prims\jni.cpp, line 516]
Event: 98.337 Thread 0x000002b3ddea05b0 Exception <a 'sun/nio/fs/WindowsException'{0x000000008e7a1d10}> (0x000000008e7a1d10) 
thrown [s\open\src\hotspot\share\prims\jni.cpp, line 516]
Event: 98.338 Thread 0x000002b3ddea05b0 Exception <a 'sun/nio/fs/WindowsException'{0x000000008e7a2e60}> (0x000000008e7a2e60) 
thrown [s\open\src\hotspot\share\prims\jni.cpp, line 516]
Event: 98.378 Thread 0x000002b3ddea05b0 Exception <a 'sun/nio/fs/WindowsException'{0x000000008e4fc390}> (0x000000008e4fc390) 
thrown [s\open\src\hotspot\share\prims\jni.cpp, line 516]
Event: 98.378 Thread 0x000002b3ddea05b0 Exception <a 'sun/nio/fs/WindowsException'{0x000000008e4fd1c8}> (0x000000008e4fd1c8) 
thrown [s\open\src\hotspot\share\prims\jni.cpp, line 516]
Event: 103.353 Thread 0x000002b3dde9ce00 Exception <a 'net/rubygrapefruit/platform/NativeException'{0x000000008ec8ef78}: Execution timed out> (0x000000008ec8ef78) 
thrown [s\open\src\hotspot\share\prims\jni.cpp, line 535]

VM Operations (20 events):
Event: 95.917 Executing VM operation: G1CollectForAllocation
Event: 95.952 Executing VM operation: G1CollectForAllocation done
Event: 96.267 Executing VM operation: HandshakeAllThreads
Event: 96.282 Executing VM operation: HandshakeAllThreads done
Event: 96.320 Executing VM operation: HandshakeAllThreads
Event: 96.329 Executing VM operation: HandshakeAllThreads done
Event: 96.505 Executing VM operation: HandshakeAllThreads
Event: 96.517 Executing VM operation: HandshakeAllThreads done
Event: 96.946 Executing VM operation: G1CollectForAllocation
Event: 96.982 Executing VM operation: G1CollectForAllocation done
Event: 97.995 Executing VM operation: Cleanup
Event: 97.996 Executing VM operation: Cleanup done
Event: 98.112 Executing VM operation: HandshakeAllThreads
Event: 98.112 Executing VM operation: HandshakeAllThreads done
Event: 98.237 Executing VM operation: HandshakeAllThreads
Event: 98.237 Executing VM operation: HandshakeAllThreads done
Event: 98.276 Executing VM operation: HandshakeAllThreads
Event: 98.289 Executing VM operation: HandshakeAllThreads done
Event: 99.303 Executing VM operation: Cleanup
Event: 99.303 Executing VM operation: Cleanup done

Events (20 events):
Event: 98.319 Thread 0x000002b3951933b0 flushing nmethod 0x000002b381a27710
Event: 98.319 Thread 0x000002b3951933b0 flushing nmethod 0x000002b381a28990
Event: 98.319 Thread 0x000002b3951933b0 flushing nmethod 0x000002b381a35d90
Event: 98.319 Thread 0x000002b3951933b0 flushing nmethod 0x000002b381a36110
Event: 98.319 Thread 0x000002b3951933b0 flushing nmethod 0x000002b381a36490
Event: 98.319 Thread 0x000002b3951933b0 flushing nmethod 0x000002b381a36810
Event: 98.319 Thread 0x000002b3951933b0 flushing nmethod 0x000002b381a39790
Event: 98.319 Thread 0x000002b3951933b0 flushing nmethod 0x000002b381a3a310
Event: 98.319 Thread 0x000002b3951933b0 flushing nmethod 0x000002b381a3ac10
Event: 98.319 Thread 0x000002b3951933b0 flushing nmethod 0x000002b381a3b890
Event: 98.319 Thread 0x000002b3951933b0 flushing nmethod 0x000002b381a47b90
Event: 98.319 Thread 0x000002b3951933b0 flushing nmethod 0x000002b381a4a110
Event: 98.319 Thread 0x000002b3951933b0 flushing nmethod 0x000002b381a52410
Event: 98.319 Thread 0x000002b3951933b0 flushing nmethod 0x000002b381a54d90
Event: 98.319 Thread 0x000002b3951933b0 flushing nmethod 0x000002b381a56110
Event: 98.319 Thread 0x000002b3951933b0 flushing nmethod 0x000002b381a5b890
Event: 98.319 Thread 0x000002b3951933b0 flushing nmethod 0x000002b381ad3110
Event: 98.319 Thread 0x000002b3951933b0 flushing nmethod 0x000002b381ad3610
Event: 98.319 Thread 0x000002b3951933b0 flushing nmethod 0x000002b381ad4790
Event: 103.352 Thread 0x000002b3dfb1f4c0 Thread exited: 0x000002b3dfb1f4c0


Dynamic libraries:
0x00007ff6a6450000 - 0x00007ff6a6460000 	C:\Program Files\Java\jdk-17\bin\java.exe
0x00007ff84e9e0000 - 0x00007ff84ec43000 	C:\WINDOWS\SYSTEM32\ntdll.dll
0x00007ff84d870000 - 0x00007ff84d937000 	C:\WINDOWS\System32\KERNEL32.DLL
0x00007ff84bf50000 - 0x00007ff84c319000 	C:\WINDOWS\System32\KERNELBASE.dll
0x00007ff84c320000 - 0x00007ff84c46c000 	C:\WINDOWS\System32\ucrtbase.dll
0x00007ff828930000 - 0x00007ff828949000 	C:\Program Files\Java\jdk-17\bin\jli.dll
0x00007ff84c960000 - 0x00007ff84ca12000 	C:\WINDOWS\System32\ADVAPI32.dll
0x00007ff84e030000 - 0x00007ff84e0d9000 	C:\WINDOWS\System32\msvcrt.dll
0x00007ff84d2e0000 - 0x00007ff84d386000 	C:\WINDOWS\System32\sechost.dll
0x00007ff84da30000 - 0x00007ff84db46000 	C:\WINDOWS\System32\RPCRT4.dll
0x00007ff84d6a0000 - 0x00007ff84d86a000 	C:\WINDOWS\System32\USER32.dll
0x00007ff84bdb0000 - 0x00007ff84bdd7000 	C:\WINDOWS\System32\win32u.dll
0x00007ff84d390000 - 0x00007ff84d3ba000 	C:\WINDOWS\System32\GDI32.dll
0x00007ff84bbe0000 - 0x00007ff84bd11000 	C:\WINDOWS\System32\gdi32full.dll
0x00007ff84c5d0000 - 0x00007ff84c673000 	C:\WINDOWS\System32\msvcp_win.dll
0x00007ff823e70000 - 0x00007ff823e8b000 	C:\Program Files\Java\jdk-17\bin\VCRUNTIME140.dll
0x00007ff831e60000 - 0x00007ff8320f0000 	C:\WINDOWS\WinSxS\amd64_microsoft.windows.common-controls_6595b64144ccf1df_6.0.26100.3323_none_3e088096e3344490\COMCTL32.dll
0x00007ff8432b0000 - 0x00007ff8432bb000 	C:\WINDOWS\SYSTEM32\VERSION.dll
0x00007ff84e870000 - 0x00007ff84e89f000 	C:\WINDOWS\System32\IMM32.DLL
0x00007ff845240000 - 0x00007ff84524c000 	C:\Program Files\Java\jdk-17\bin\vcruntime140_1.dll
0x00007ff81a600000 - 0x00007ff81a68e000 	C:\Program Files\Java\jdk-17\bin\msvcp140.dll
0x00007ff80c100000 - 0x00007ff80cce0000 	C:\Program Files\Java\jdk-17\bin\server\jvm.dll
0x00007ff84e900000 - 0x00007ff84e908000 	C:\WINDOWS\System32\PSAPI.DLL
0x00007ff8451c0000 - 0x00007ff8451ca000 	C:\WINDOWS\SYSTEM32\WSOCK32.dll
0x00007ff84e190000 - 0x00007ff84e204000 	C:\WINDOWS\System32\WS2_32.dll
0x00007ff8204f0000 - 0x00007ff820526000 	C:\WINDOWS\SYSTEM32\WINMM.dll
0x00007ff84aad0000 - 0x00007ff84aaea000 	C:\WINDOWS\SYSTEM32\kernel.appcore.dll
0x00007ff844350000 - 0x00007ff84435a000 	C:\Program Files\Java\jdk-17\bin\jimage.dll
0x00007ff83c350000 - 0x00007ff83c591000 	C:\WINDOWS\SYSTEM32\DBGHELP.DLL
0x00007ff84db50000 - 0x00007ff84ded2000 	C:\WINDOWS\System32\combase.dll
0x00007ff84e220000 - 0x00007ff84e2f6000 	C:\WINDOWS\System32\OLEAUT32.dll
0x00007ff83c310000 - 0x00007ff83c349000 	C:\WINDOWS\SYSTEM32\dbgcore.DLL
0x00007ff84c530000 - 0x00007ff84c5c9000 	C:\WINDOWS\System32\bcryptPrimitives.dll
0x00007ff839e60000 - 0x00007ff839e6e000 	C:\Program Files\Java\jdk-17\bin\instrument.dll
0x00007ff81cee0000 - 0x00007ff81cf05000 	C:\Program Files\Java\jdk-17\bin\java.dll
0x00007ff810f50000 - 0x00007ff811027000 	C:\Program Files\Java\jdk-17\bin\jsvml.dll
0x00007ff84ca20000 - 0x00007ff84d135000 	C:\WINDOWS\System32\SHELL32.dll
0x00007ff84bde0000 - 0x00007ff84bf48000 	C:\WINDOWS\System32\wintypes.dll
0x00007ff8498c0000 - 0x00007ff84a105000 	C:\WINDOWS\SYSTEM32\windows.storage.dll
0x00007ff84d940000 - 0x00007ff84da2b000 	C:\WINDOWS\System32\SHCORE.dll
0x00007ff84e810000 - 0x00007ff84e86d000 	C:\WINDOWS\System32\shlwapi.dll
0x00007ff84baf0000 - 0x00007ff84bb1f000 	C:\WINDOWS\SYSTEM32\profapi.dll
0x00007ff8445b0000 - 0x00007ff8445c8000 	C:\Program Files\Java\jdk-17\bin\zip.dll
0x00007ff8443d0000 - 0x00007ff8443e9000 	C:\Program Files\Java\jdk-17\bin\net.dll
0x00007ff8449d0000 - 0x00007ff844aee000 	C:\WINDOWS\SYSTEM32\WINHTTP.dll
0x00007ff84afd0000 - 0x00007ff84b03a000 	C:\WINDOWS\system32\mswsock.dll
0x00007ff8443b0000 - 0x00007ff8443c6000 	C:\Program Files\Java\jdk-17\bin\nio.dll
0x00007ff8443a0000 - 0x00007ff8443b0000 	C:\Program Files\Java\jdk-17\bin\verify.dll
0x00007ff813450000 - 0x00007ff813477000 	C:\Users\ittnw\.gradle\native\68d5fa5c4cc2d200863cafc0d521ce42e7d3e7ee720ec0a83991735586a16f82\windows-amd64\native-platform.dll
0x00007ff812b90000 - 0x00007ff812cd4000 	C:\Users\ittnw\.gradle\native\e376f236ea51e6404a007f0833ffe2c6e607c4080706a723a18a27aeea778392\windows-amd64\native-platform-file-events.dll
0x00007ff844370000 - 0x00007ff84437a000 	C:\Program Files\Java\jdk-17\bin\management.dll
0x00007ff844360000 - 0x00007ff84436b000 	C:\Program Files\Java\jdk-17\bin\management_ext.dll
0x00007ff84b380000 - 0x00007ff84b39c000 	C:\WINDOWS\SYSTEM32\CRYPTSP.dll
0x00007ff84aa30000 - 0x00007ff84aa6a000 	C:\WINDOWS\system32\rsaenh.dll
0x00007ff84b070000 - 0x00007ff84b09b000 	C:\WINDOWS\SYSTEM32\USERENV.dll
0x00007ff84b510000 - 0x00007ff84b536000 	C:\WINDOWS\SYSTEM32\bcrypt.dll
0x00007ff84b200000 - 0x00007ff84b20c000 	C:\WINDOWS\SYSTEM32\CRYPTBASE.dll
0x00007ff84a4c0000 - 0x00007ff84a4f3000 	C:\WINDOWS\SYSTEM32\IPHLPAPI.DLL
0x00007ff84e010000 - 0x00007ff84e01a000 	C:\WINDOWS\System32\NSI.dll
0x00007ff844960000 - 0x00007ff84497f000 	C:\WINDOWS\SYSTEM32\dhcpcsvc6.DLL
0x00007ff844900000 - 0x00007ff844925000 	C:\WINDOWS\SYSTEM32\dhcpcsvc.DLL
0x00007ff84a500000 - 0x00007ff84a625000 	C:\WINDOWS\SYSTEM32\DNSAPI.dll
0x00007ff839c10000 - 0x00007ff839c1e000 	C:\Program Files\Java\jdk-17\bin\sunmscapi.dll
0x00007ff84c680000 - 0x00007ff84c7f7000 	C:\WINDOWS\System32\CRYPT32.dll
0x00007ff84b4d0000 - 0x00007ff84b500000 	C:\WINDOWS\SYSTEM32\ncrypt.dll
0x00007ff84b480000 - 0x00007ff84b4bf000 	C:\WINDOWS\SYSTEM32\NTASN1.dll
0x00007ff839d60000 - 0x00007ff839d68000 	C:\WINDOWS\system32\wshunix.dll
0x00007ff82c870000 - 0x00007ff82c888000 	C:\WINDOWS\system32\napinsp.dll
0x00007ff82c350000 - 0x00007ff82c362000 	C:\WINDOWS\System32\winrnr.dll
0x00007ff82be60000 - 0x00007ff82be82000 	C:\WINDOWS\system32\nlansp_c.dll
0x00007ff843fd0000 - 0x00007ff843fe6000 	C:\WINDOWS\system32\wshbth.dll
0x00007ff840c90000 - 0x00007ff840c9b000 	C:\Windows\System32\rasadhlp.dll
0x00007ff843a90000 - 0x00007ff843b15000 	C:\WINDOWS\System32\fwpuclnt.dll
0x00007ff84abf0000 - 0x00007ff84ac25000 	C:\WINDOWS\SYSTEM32\ntmarta.dll

dbghelp: loaded successfully - version: 4.0.5 - missing functions: none
symbol engine: initialized successfully - sym options: 0x614 - pdb path: .;C:\Program Files\Java\jdk-17\bin;C:\WINDOWS\SYSTEM32;C:\WINDOWS\WinSxS\amd64_microsoft.windows.common-controls_6595b64144ccf1df_6.0.26100.3323_none_3e088096e3344490;C:\Program Files\Java\jdk-17\bin\server;C:\Users\ittnw\.gradle\native\68d5fa5c4cc2d200863cafc0d521ce42e7d3e7ee720ec0a83991735586a16f82\windows-amd64;C:\Users\ittnw\.gradle\native\e376f236ea51e6404a007f0833ffe2c6e607c4080706a723a18a27aeea778392\windows-amd64

VM Arguments:
jvm_args: --add-opens=java.base/java.util=ALL-UNNAMED --add-opens=java.base/java.lang=ALL-UNNAMED --add-opens=java.base/java.lang.invoke=ALL-UNNAMED --add-opens=java.prefs/java.util.prefs=ALL-UNNAMED --add-opens=java.base/java.nio.charset=ALL-UNNAMED --add-opens=java.base/java.net=ALL-UNNAMED --add-opens=java.base/java.util.concurrent.atomic=ALL-UNNAMED -Xmx2048m -Dfile.encoding=UTF-8 -Duser.country=KR -Duser.language=ko -Duser.variant -javaagent:C:\Users\ittnw\.gradle\wrapper\dists\gradle-8.2-bin\bbg7u40eoinfdyxsxr3z4i7ta\gradle-8.2\lib\agents\gradle-instrumentation-agent-8.2.jar 
java_command: org.gradle.launcher.daemon.bootstrap.GradleDaemon 8.2
java_class_path (initial): C:\Users\ittnw\.gradle\wrapper\dists\gradle-8.2-bin\bbg7u40eoinfdyxsxr3z4i7ta\gradle-8.2\lib\gradle-launcher-8.2.jar
Launcher Type: SUN_STANDARD

[Global flags]
     intx CICompilerCount                          = 3                                         {product} {ergonomic}
     uint ConcGCThreads                            = 1                                         {product} {ergonomic}
     uint G1ConcRefinementThreads                  = 4                                         {product} {ergonomic}
   size_t G1HeapRegionSize                         = 1048576                                   {product} {ergonomic}
    uintx GCDrainStackTargetSize                   = 64                                        {product} {ergonomic}
   size_t InitialHeapSize                          = 132120576                                 {product} {ergonomic}
   size_t MarkStackSize                            = 4194304                                   {product} {ergonomic}
   size_t MaxHeapSize                              = 2147483648                                {product} {command line}
   size_t MaxNewSize                               = 1287651328                                {product} {ergonomic}
   size_t MinHeapDeltaBytes                        = 1048576                                   {product} {ergonomic}
   size_t MinHeapSize                              = 8388608                                   {product} {ergonomic}
    uintx NonNMethodCodeHeapSize                   = 5832780                                {pd product} {ergonomic}
    uintx NonProfiledCodeHeapSize                  = 122912730                              {pd product} {ergonomic}
    uintx ProfiledCodeHeapSize                     = 122912730                              {pd product} {ergonomic}
    uintx ReservedCodeCacheSize                    = 251658240                              {pd product} {ergonomic}
     bool SegmentedCodeCache                       = true                                      {product} {ergonomic}
   size_t SoftMaxHeapSize                          = 2147483648                             {manageable} {ergonomic}
     bool UseCompressedClassPointers               = true                           {product lp64_product} {ergonomic}
     bool UseCompressedOops                        = true                           {product lp64_product} {ergonomic}
     bool UseG1GC                                  = true                                      {product} {ergonomic}
     bool UseLargePagesIndividualAllocation        = false                                  {pd product} {ergonomic}

Logging:
Log output configuration:
 #0: stdout all=warning uptime,level,tags
 #1: stderr all=off uptime,level,tags

Environment Variables:
JAVA_HOME=C:\Program Files\Java\jdk-17
CLASSPATH=C:\Android-Github-Widget\\gradle\wrapper\gradle-wrapper.jar
PATH=c:\Users\ittnw\AppData\Local\Programs\cursor\resources\app\bin;C:\Program Files\Common Files\Oracle\Java\javapath;C:\Windows\system32;C:\Windows;C:\Windows\System32\Wbem;C:\Windows\System32\WindowsPowerShell\v1.0\;C:\Windows\System32\OpenSSH\;C:\Program Files\Docker\Docker\resources\bin;C:\Program Files\Git\cmd;C:\ProgramData\chocolatey\bin;C:\Program Files\nodejs\;C:\Users\ittnw\AppData\Local\Programs\Python\Python312\Scripts\;C:\Users\ittnw\AppData\Local\Programs\Python\Python312\;C:\Users\ittnw\AppData\Local\Microsoft\WindowsApps;C:\Program Files\Java\jdk-17\bin\;C:\Users\ittnw\AppData\Local\JetBrains\Toolbox\scripts;C:\Program Files\nodejs;C:\tools\mysql\current\bin;C:\gradle-8.11.1\bin;C:\Users\ittnw\AppData\Roaming\npm;;%SystemRoot%\system32;%SystemRoot%;%SystemRoot%\System32\Wbem;%SYSTEMROOT%\System32\WindowsPowerShell\v1.0\;%SYSTEMROOT%\System32\OpenSSH\;C:\Users\ittnw\scoop\shims;C:\Users\ittnw\AppData\Local\Programs\Python\Python312\Scripts\;C:\Users\ittnw\AppData\Local\Programs\Python\Python312\;C:\Users\ittnw\AppData\Local\Microsoft\WindowsApps;C:\Program Files\Java\jdk-17\bin\;C:\Users\ittnw\AppData\Local\JetBrains\Toolbox\scripts;C:\Users\ittnw\AppData\Local\Programs\Microsoft VS Code\bin;C:\Program Files\nodejs;C:\tools\mysql\current\bin;C:\gradle-8.11.1\bin;C:\Users\ittnw\AppData\Roaming\npm;C:\Users\ittnw\AppData\Local\Microsoft\WindowsApps;C:\Users\ittnw\AppData\Local\Programs\cursor\resources\app\bin;C:\Users\ittnw\scoop\apps\ffmpeg\7.1.1\bin;
USERNAME=ittnw
LANG=en_US.UTF-8
OS=Windows_NT
PROCESSOR_IDENTIFIER=Intel64 Family 6 Model 142 Stepping 12, GenuineIntel



---------------  S Y S T E M  ---------------

OS:
 Windows 11 , 64 bit Build 26100 (10.0.26100.3323)
OS uptime: 15 days 23:16 hours
Hyper-V role detected

CPU: total 4 (initial active 4) (2 cores per cpu, 2 threads per core) family 6 model 142 stepping 12 microcode 0xde, cx8, cmov, fxsr, ht, mmx, 3dnowpref, sse, sse2, sse3, ssse3, sse4.1, sse4.2, popcnt, lzcnt, tsc, tscinvbit, aes, erms, clmul, clflush, clflushopt, hv

Memory: 4k page, system-wide physical 7986M (723M free)
TotalPageFile size 20567M (AvailPageFile size 5384M)
current process WorkingSet (physical memory assigned to process): 455M, peak: 542M
current process commit charge ("private bytes"): 573M, peak: 602M

vm_info: Java HotSpot(TM) 64-Bit Server VM (17.0.12+8-LTS-286) for windows-amd64 JRE (17.0.12+8-LTS-286), built on Jun  5 2024 06:46:59 by "mach5one" with MS VC++ 17.6 (VS2022)

END.
